<?xml version="1.0" encoding="UTF-8"?>
<!-- Generated by org.testng.reporters.JUnitXMLReporter -->
<testsuite ignored="15" hostname="DESKTOP-LAAIDQD" failures="0" tests="14" name="M2006C3MII" time="699.528" errors="0" timestamp="2023-12-28T10:41:13 IST">
  <testcase classname="com.intelehealth.tests.AppointmentsTest" name="@BeforeMethod beforeMethod" time="651.606">
    <failure type="org.openqa.selenium.TimeoutException" message="Expected condition failed: waiting for visibility of Located by By.chained({AppiumBy.accessibilityId: Splash Screen Bottom Language Panel Save Selected Language Button}) (tried for 300 second(s) with 500 milliseconds interval)">
      <![CDATA[org.openqa.selenium.TimeoutException: Expected condition failed: waiting for visibility of Located by By.chained({AppiumBy.accessibilityId: Splash Screen Bottom Language Panel Save Selected Language Button}) (tried for 300 second(s) with 500 milliseconds interval)
at org.openqa.selenium.support.ui.WebDriverWait.timeoutException(WebDriverWait.java:84)
at org.openqa.selenium.support.ui.FluentWait.until(FluentWait.java:230)
at com.intelehealth.base.BaseTest.waitForVisibility(BaseTest.java:323)
at com.intelehealth.base.BaseTest.click(BaseTest.java:430)
at com.intelehealth.pages.AppSetupPage.clickOnNextButton(AppSetupPage.java:168)
at com.intelehealth.pages.AppSetupPage.completeSetup(AppSetupPage.java:291)
at com.intelehealth.tests.AppointmentsTest.beforeMethod(AppointmentsTest.java:49)
at java.base/java.util.ArrayList.forEach(ArrayList.java:1511)
at java.base/java.util.concurrent.FutureTask.run(FutureTask.java:264)
at java.base/java.util.concurrent.ThreadPoolExecutor.runWorker(ThreadPoolExecutor.java:1136)
at java.base/java.util.concurrent.ThreadPoolExecutor$Worker.run(ThreadPoolExecutor.java:635)
at java.base/java.lang.Thread.run(Thread.java:833)
Caused by: org.openqa.selenium.NoSuchElementException: Can't locate an element by this strategy: By.chained({AppiumBy.accessibilityId: Splash Screen Bottom Language Panel Save Selected Language Button})
at io.appium.java_client.pagefactory.AppiumElementLocator.findElement(AppiumElementLocator.java:166)
at io.appium.java_client.pagefactory.interceptors.InterceptorOfASingleElement.call(InterceptorOfASingleElement.java:64)
at io.appium.java_client.proxy.Interceptor.intercept(Interceptor.java:78)
at org.openqa.selenium.remote.RemoteWebElement$ByteBuddy$ZRZRVhu2.isDisplayed(Unknown Source)
at org.openqa.selenium.support.ui.ExpectedConditions.elementIfVisible(ExpectedConditions.java:304)
at org.openqa.selenium.support.ui.ExpectedConditions.access$000(ExpectedConditions.java:37)
at org.openqa.selenium.support.ui.ExpectedConditions$10.apply(ExpectedConditions.java:290)
at org.openqa.selenium.support.ui.ExpectedConditions$10.apply(ExpectedConditions.java:287)
at org.openqa.selenium.support.ui.FluentWait.until(FluentWait.java:205)
... 31 more
Caused by: org.openqa.selenium.TimeoutException: Expected condition failed: waiting for io.appium.java_client.pagefactory.AppiumElementLocator$WaitingFunction@219b7409 (tried for 1 second(s) with 500 milliseconds interval)
at org.openqa.selenium.support.ui.FluentWait.timeoutException(FluentWait.java:262)
at org.openqa.selenium.support.ui.FluentWait.until(FluentWait.java:230)
at io.appium.java_client.pagefactory.AppiumElementLocator.waitFor(AppiumElementLocator.java:135)
at io.appium.java_client.pagefactory.AppiumElementLocator.findElement(AppiumElementLocator.java:160)
... 39 more
Caused by: org.openqa.selenium.NoSuchElementException: Cannot locate an element using By.chained({AppiumBy.accessibilityId: Splash Screen Bottom Language Panel Save Selected Language Button})
For documentation on this error, please visit: https://www.selenium.dev/documentation/webdriver/troubleshooting/errors#no-such-element-exception
Build info: version: '4.13.0', revision: 'ba948ece5b*'
System info: os.name: 'Windows 10', os.arch: 'amd64', os.version: '10.0', java.version: '17.0.8.1'
Driver info: driver.version: RemoteWebDriver
at io.appium.java_client.pagefactory.bys.builder.ByChained.findElement(ByChained.java:77)
at org.openqa.selenium.remote.ElementLocation$ElementFinder$1.findElement(ElementLocation.java:139)
at org.openqa.selenium.remote.ElementLocation.findElement(ElementLocation.java:59)
at org.openqa.selenium.remote.RemoteWebDriver.findElement(RemoteWebDriver.java:359)
at org.openqa.selenium.remote.RemoteWebDriver.findElement(RemoteWebDriver.java:353)
at io.appium.java_client.pagefactory.bys.ContentMappedBy.findElement(ContentMappedBy.java:53)
at org.openqa.selenium.remote.ElementLocation$ElementFinder$1.findElement(ElementLocation.java:139)
at org.openqa.selenium.remote.ElementLocation.findElement(ElementLocation.java:59)
at org.openqa.selenium.remote.RemoteWebDriver.findElement(RemoteWebDriver.java:359)
at org.openqa.selenium.remote.RemoteWebDriver.findElement(RemoteWebDriver.java:353)
at io.appium.java_client.pagefactory.AppiumElementLocator.lambda$findElement$1(AppiumElementLocator.java:160)
at io.appium.java_client.pagefactory.AppiumElementLocator$WaitingFunction.apply(AppiumElementLocator.java:217)
at io.appium.java_client.pagefactory.AppiumElementLocator$WaitingFunction.apply(AppiumElementLocator.java:210)
at org.openqa.selenium.support.ui.FluentWait.until(FluentWait.java:205)
... 41 more
... Removed 21 stack frames]]>
    </failure>
  </testcase> <!-- @BeforeMethod beforeMethod -->
  <testcase classname="com.intelehealth.base.BaseTest" name="@AfterMethod afterMethod" time="0.0">
    <skipped/>
  </testcase> <!-- @AfterMethod afterMethod -->
  <testcase classname="com.intelehealth.base.BaseTest" name="@BeforeMethod beforeMethod" time="0.0">
    <skipped/>
  </testcase> <!-- @BeforeMethod beforeMethod -->
  <testcase classname="com.intelehealth.tests.AppointmentsTest" name="@BeforeMethod beforeMethod" time="0.0">
    <skipped/>
  </testcase> <!-- @BeforeMethod beforeMethod -->
  <testcase classname="com.intelehealth.base.BaseTest" name="@AfterMethod afterMethod" time="0.0">
    <skipped/>
  </testcase> <!-- @AfterMethod afterMethod -->
  <testcase classname="com.intelehealth.base.BaseTest" name="@BeforeMethod beforeMethod" time="0.0">
    <skipped/>
  </testcase> <!-- @BeforeMethod beforeMethod -->
  <testcase classname="com.intelehealth.tests.AppointmentsTest" name="@BeforeMethod beforeMethod" time="0.0">
    <skipped/>
  </testcase> <!-- @BeforeMethod beforeMethod -->
  <testcase classname="com.intelehealth.base.BaseTest" name="@AfterMethod afterMethod" time="0.0">
    <skipped/>
  </testcase> <!-- @AfterMethod afterMethod -->
  <testcase classname="com.intelehealth.base.BaseTest" name="@BeforeMethod beforeMethod" time="0.0">
    <skipped/>
  </testcase> <!-- @BeforeMethod beforeMethod -->
  <testcase classname="com.intelehealth.tests.AppointmentsTest" name="@BeforeMethod beforeMethod" time="0.0">
    <skipped/>
  </testcase> <!-- @BeforeMethod beforeMethod -->
  <testcase classname="com.intelehealth.base.BaseTest" name="@AfterMethod afterMethod" time="0.0">
    <skipped/>
  </testcase> <!-- @AfterMethod afterMethod -->
  <testcase classname="com.intelehealth.base.BaseTest" name="@BeforeMethod beforeMethod" time="0.0">
    <skipped/>
  </testcase> <!-- @BeforeMethod beforeMethod -->
  <testcase classname="com.intelehealth.tests.AppointmentsTest" name="@BeforeMethod beforeMethod" time="0.0">
    <skipped/>
  </testcase> <!-- @BeforeMethod beforeMethod -->
  <testcase classname="com.intelehealth.base.BaseTest" name="@AfterMethod afterMethod" time="0.0">
    <skipped/>
  </testcase> <!-- @AfterMethod afterMethod -->
  <testcase classname="com.intelehealth.base.BaseTest" name="@BeforeMethod beforeMethod" time="0.0">
    <skipped/>
  </testcase> <!-- @BeforeMethod beforeMethod -->
  <testcase classname="com.intelehealth.tests.AppointmentsTest" name="@BeforeMethod beforeMethod" time="0.0">
    <skipped/>
  </testcase> <!-- @BeforeMethod beforeMethod -->
  <testcase classname="com.intelehealth.base.BaseTest" name="@AfterMethod afterMethod" time="0.0">
    <skipped/>
  </testcase> <!-- @AfterMethod afterMethod -->
  <testcase classname="com.intelehealth.base.BaseTest" name="@BeforeMethod beforeMethod" time="0.0">
    <skipped/>
  </testcase> <!-- @BeforeMethod beforeMethod -->
  <testcase classname="com.intelehealth.tests.AppointmentsTest" name="@BeforeMethod beforeMethod" time="0.0">
    <skipped/>
  </testcase> <!-- @BeforeMethod beforeMethod -->
  <testcase classname="com.intelehealth.base.BaseTest" name="@AfterMethod afterMethod" time="0.0">
    <skipped/>
  </testcase> <!-- @AfterMethod afterMethod -->
  <testcase classname="com.intelehealth.base.BaseTest" name="@BeforeMethod beforeMethod" time="0.0">
    <skipped/>
  </testcase> <!-- @BeforeMethod beforeMethod -->
  <testcase classname="com.intelehealth.tests.AppointmentsTest" name="@BeforeMethod beforeMethod" time="0.0">
    <skipped/>
  </testcase> <!-- @BeforeMethod beforeMethod -->
  <testcase classname="com.intelehealth.base.BaseTest" name="@AfterMethod afterMethod" time="0.0">
    <skipped/>
  </testcase> <!-- @AfterMethod afterMethod -->
  <testcase classname="com.intelehealth.base.BaseTest" name="@BeforeMethod beforeMethod" time="0.0">
    <skipped/>
  </testcase> <!-- @BeforeMethod beforeMethod -->
  <testcase classname="com.intelehealth.tests.AppointmentsTest" name="@BeforeMethod beforeMethod" time="0.0">
    <skipped/>
  </testcase> <!-- @BeforeMethod beforeMethod -->
  <testcase classname="com.intelehealth.base.BaseTest" name="@AfterMethod afterMethod" time="0.0">
    <skipped/>
  </testcase> <!-- @AfterMethod afterMethod -->
  <testcase classname="com.intelehealth.base.BaseTest" name="@BeforeMethod beforeMethod" time="0.0">
    <skipped/>
  </testcase> <!-- @BeforeMethod beforeMethod -->
  <testcase classname="com.intelehealth.tests.AppointmentsTest" name="@BeforeMethod beforeMethod" time="0.0">
    <skipped/>
  </testcase> <!-- @BeforeMethod beforeMethod -->
  <testcase classname="com.intelehealth.base.BaseTest" name="@AfterMethod afterMethod" time="0.0">
    <skipped/>
  </testcase> <!-- @AfterMethod afterMethod -->
  <testcase classname="com.intelehealth.base.BaseTest" name="@BeforeMethod beforeMethod" time="0.0">
    <skipped/>
  </testcase> <!-- @BeforeMethod beforeMethod -->
  <testcase classname="com.intelehealth.tests.AppointmentsTest" name="@BeforeMethod beforeMethod" time="0.0">
    <skipped/>
  </testcase> <!-- @BeforeMethod beforeMethod -->
  <testcase classname="com.intelehealth.base.BaseTest" name="@AfterMethod afterMethod" time="0.0">
    <skipped/>
  </testcase> <!-- @AfterMethod afterMethod -->
  <testcase classname="com.intelehealth.base.BaseTest" name="@BeforeMethod beforeMethod" time="0.0">
    <skipped/>
  </testcase> <!-- @BeforeMethod beforeMethod -->
  <testcase classname="com.intelehealth.tests.AppointmentsTest" name="@BeforeMethod beforeMethod" time="0.0">
    <skipped/>
  </testcase> <!-- @BeforeMethod beforeMethod -->
  <testcase classname="com.intelehealth.base.BaseTest" name="@AfterMethod afterMethod" time="0.0">
    <skipped/>
  </testcase> <!-- @AfterMethod afterMethod -->
  <testcase classname="com.intelehealth.base.BaseTest" name="@BeforeMethod beforeMethod" time="0.0">
    <skipped/>
  </testcase> <!-- @BeforeMethod beforeMethod -->
  <testcase classname="com.intelehealth.tests.AppointmentsTest" name="@BeforeMethod beforeMethod" time="0.0">
    <skipped/>
  </testcase> <!-- @BeforeMethod beforeMethod -->
  <testcase classname="com.intelehealth.base.BaseTest" name="@AfterMethod afterMethod" time="0.0">
    <skipped/>
  </testcase> <!-- @AfterMethod afterMethod -->
  <testcase classname="com.intelehealth.base.BaseTest" name="@BeforeMethod beforeMethod" time="0.0">
    <skipped/>
  </testcase> <!-- @BeforeMethod beforeMethod -->
  <testcase classname="com.intelehealth.tests.AppointmentsTest" name="@BeforeMethod beforeMethod" time="0.0">
    <skipped/>
  </testcase> <!-- @BeforeMethod beforeMethod -->
  <testcase classname="com.intelehealth.base.BaseTest" name="@AfterMethod afterMethod" time="0.0">
    <skipped/>
  </testcase> <!-- @AfterMethod afterMethod -->
  <testcase classname="com.intelehealth.tests.AppointmentsTest" name="IDA4_2397_verifyAppointmentDetailsScreenIsDisplayed" time="0.001">
    <skipped/>
  </testcase> <!-- IDA4_2397_verifyAppointmentDetailsScreenIsDisplayed -->
  <testcase classname="com.intelehealth.tests.AppointmentsTest" name="IDA4_2404_verifyOverAllTabSection" time="0.005">
    <skipped/>
  </testcase> <!-- IDA4_2404_verifyOverAllTabSection -->
  <testcase classname="com.intelehealth.tests.AppointmentsTest" name="IDA4_2406_verifySpecificRadioButtonForAppointments" time="0.0">
    <skipped/>
  </testcase> <!-- IDA4_2406_verifySpecificRadioButtonForAppointments -->
  <testcase classname="com.intelehealth.tests.AppointmentsTest" name="IDA4_2408_verifyAllTabCalenderFilter" time="0.0">
    <skipped/>
  </testcase> <!-- IDA4_2408_verifyAllTabCalenderFilter -->
  <testcase classname="com.intelehealth.tests.AppointmentsTest" name="IDA4_2374_verifyCountOfCancelledTab" time="0.0">
    <skipped/>
  </testcase> <!-- IDA4_2374_verifyCountOfCancelledTab -->
  <testcase classname="com.intelehealth.tests.AppointmentsTest" name="IDA4_2373_verifyCancelledTab" time="0.0">
    <skipped/>
  </testcase> <!-- IDA4_2373_verifyCancelledTab -->
  <testcase classname="com.intelehealth.tests.AppointmentsTest" name="IDA4_2380_verifyCancelAppointment" time="0.0">
    <skipped/>
  </testcase> <!-- IDA4_2380_verifyCancelAppointment -->
  <testcase classname="com.intelehealth.tests.AppointmentsTest" name="IDA4_2382_verifyYesButtonFunctionality" time="0.0">
    <skipped/>
  </testcase> <!-- IDA4_2382_verifyYesButtonFunctionality -->
  <testcase classname="com.intelehealth.tests.AppointmentsTest" name="IDA4_2391_verifyCompletedTabFunctionality" time="0.0">
    <skipped/>
  </testcase> <!-- IDA4_2391_verifyCompletedTabFunctionality -->
  <testcase classname="com.intelehealth.tests.AppointmentsTest" name="IDA4_2385_verifycancelAppointmentSaveButton" time="0.0">
    <skipped/>
  </testcase> <!-- IDA4_2385_verifycancelAppointmentSaveButton -->
  <testcase classname="com.intelehealth.tests.AppointmentsTest" name="IDA4_2388_verifyScheduleAppointmentScreenIsDisplayed" time="0.0">
    <skipped/>
  </testcase> <!-- IDA4_2388_verifyScheduleAppointmentScreenIsDisplayed -->
  <testcase classname="com.intelehealth.tests.AppointmentsTest" name="IDA4_2386_verifyCancelledAppointment" time="0.0">
    <skipped/>
  </testcase> <!-- IDA4_2386_verifyCancelledAppointment -->
  <testcase classname="com.intelehealth.tests.AppointmentsTest" name="IDA4_2375_verifyCancelledSection" time="0.002">
    <skipped/>
  </testcase> <!-- IDA4_2375_verifyCancelledSection -->
  <testcase classname="com.intelehealth.tests.AppointmentsTest" name="IDA4_2371_verifyRescheduledAppointmentDisplaysUnderTodaysTabOfUpcomingSection" time="0.0">
    <skipped/>
  </testcase> <!-- IDA4_2371_verifyRescheduledAppointmentDisplaysUnderTodaysTabOfUpcomingSection -->
  <testcase classname="com.intelehealth.tests.AppointmentsTest" name="IDA4_2344_verifyCancelledSectionUnderUpcomingTab" time="0.0">
    <ignored/>
  </testcase> <!-- IDA4_2344_verifyCancelledSectionUnderUpcomingTab -->
  <testcase classname="com.intelehealth.tests.AppointmentsTest" name="IDA4_2352_verifyThePatientVisitDetailsInUpcomingSection" time="0.0">
    <ignored/>
  </testcase> <!-- IDA4_2352_verifyThePatientVisitDetailsInUpcomingSection -->
  <testcase classname="com.intelehealth.tests.AppointmentsTest" name="IDA4_2361_verifyUserGetsTheSelectRescheduleReasonPopupByClickingYes" time="0.0">
    <ignored/>
  </testcase> <!-- IDA4_2361_verifyUserGetsTheSelectRescheduleReasonPopupByClickingYes -->
  <testcase classname="com.intelehealth.tests.AppointmentsTest" name="IDA4_2370_VerifyWhenUserClicksYesInConfirmAppointmentPopup" time="0.0">
    <ignored/>
  </testcase> <!-- IDA4_2370_VerifyWhenUserClicksYesInConfirmAppointmentPopup -->
  <testcase classname="com.intelehealth.tests.AppointmentsTest" name="IDA4_2368_verifyTheConfirmAppointmentPopup" time="0.0">
    <ignored/>
  </testcase> <!-- IDA4_2368_verifyTheConfirmAppointmentPopup -->
  <testcase classname="com.intelehealth.tests.AppointmentsTest" name="IDA4_2345_verifyCompletedSectionUnderUpcomingTab" time="0.0">
    <ignored/>
  </testcase> <!-- IDA4_2345_verifyCompletedSectionUnderUpcomingTab -->
  <testcase classname="com.intelehealth.tests.AppointmentsTest" name="IDA4_2346_verifyTheCountOfUpcomingTab" time="0.0">
    <ignored/>
  </testcase> <!-- IDA4_2346_verifyTheCountOfUpcomingTab -->
  <testcase classname="com.intelehealth.tests.AppointmentsTest" name="IDA4_2343_verifyTheFunctionalityOfUpcomingTab" time="0.0">
    <ignored/>
  </testcase> <!-- IDA4_2343_verifyTheFunctionalityOfUpcomingTab -->
  <testcase classname="com.intelehealth.tests.AppointmentsTest" name="IDA4_2389_verifyUserCanScheduleTheAppointmentSuccessfully" time="0.0">
    <ignored/>
  </testcase> <!-- IDA4_2389_verifyUserCanScheduleTheAppointmentSuccessfully -->
  <testcase classname="com.intelehealth.tests.AppointmentsTest" name="IDA4_2359_verifyTheFunctionalityOfRescheduleInAppointmentDetailsPage" time="0.0">
    <ignored/>
  </testcase> <!-- IDA4_2359_verifyTheFunctionalityOfRescheduleInAppointmentDetailsPage -->
  <testcase classname="com.intelehealth.tests.AppointmentsTest" name="IDA4_2341_verifyIfOnlyTodaysDateAppointmentsAreShowingUnderTodaysTab" time="0.0">
    <ignored/>
  </testcase> <!-- IDA4_2341_verifyIfOnlyTodaysDateAppointmentsAreShowingUnderTodaysTab -->
  <testcase classname="com.intelehealth.tests.AppointmentsTest" name="IDA4_2357_verifyUserClickingOnArrowNextToVisitSummaryOnAppointmentDetailsPage" time="0.0">
    <ignored/>
  </testcase> <!-- IDA4_2357_verifyUserClickingOnArrowNextToVisitSummaryOnAppointmentDetailsPage -->
  <testcase classname="com.intelehealth.tests.AppointmentsTest" name="IDA4_2364_verifyClickingOnSaveButtonBySelectingReasonInRescheduleReasonPopup" time="0.0">
    <ignored/>
  </testcase> <!-- IDA4_2364_verifyClickingOnSaveButtonBySelectingReasonInRescheduleReasonPopup -->
  <testcase classname="com.intelehealth.tests.AppointmentsTest" name="IDA4_2367_verifySelectingAnyTimeSlotsAndClickingOnBookAppointment" time="0.0">
    <ignored/>
  </testcase> <!-- IDA4_2367_verifySelectingAnyTimeSlotsAndClickingOnBookAppointment -->
  <testcase classname="com.intelehealth.tests.AppointmentsTest" name="IDA4_2356_verifyClickingOnCallAndWhatsappIconAnAppointmentDetailsPageWhenNumberIsProvided" time="0.0">
    <ignored/>
  </testcase> <!-- IDA4_2356_verifyClickingOnCallAndWhatsappIconAnAppointmentDetailsPageWhenNumberIsProvided -->
</testsuite> <!-- M2006C3MII -->
