<?xml version="1.0" encoding="UTF-8"?>
<!-- Generated by org.testng.reporters.JUnitXMLReporter -->
<testsuite ignored="34" hostname="DESKTOP-LAAIDQD" failures="0" tests="1" name="Pixel_5" time="279.647" errors="0" timestamp="2023-10-09T11:16:01 IST">
  <testcase classname="com.intelehealth.tests.StartVisitTest" name="IDA4_2413_verifyVitalsScreenUi" time="11.047"/>
  <testcase classname="com.intelehealth.tests.StartVisitTest" name="IDA4_2480_verifyClickingOnOthersOption" time="0.0">
    <ignored/>
  </testcase> <!-- IDA4_2480_verifyClickingOnOthersOption -->
  <testcase classname="com.intelehealth.tests.StartVisitTest" name="IDA4_2485_verifyUserAbleToSelectOptionOfFiveOfTwelveQuestions" time="0.0">
    <ignored/>
  </testcase> <!-- IDA4_2485_verifyUserAbleToSelectOptionOfFiveOfTwelveQuestions -->
  <testcase classname="com.intelehealth.tests.StartVisitTest" name="IDA4_2459_VerifyOptions" time="0.0">
    <ignored/>
  </testcase> <!-- IDA4_2459_VerifyOptions -->
  <testcase classname="com.intelehealth.tests.StartVisitTest" name="IDA4_2465_selectPainRadiatesToOptionAndVerifyDescribeSectionDisplayed" time="0.0">
    <ignored/>
  </testcase> <!-- IDA4_2465_selectPainRadiatesToOptionAndVerifyDescribeSectionDisplayed -->
  <testcase classname="com.intelehealth.tests.StartVisitTest" name="IDA4_2462_verifySubmitButtonFuntionality" time="0.0">
    <ignored/>
  </testcase> <!-- IDA4_2462_verifySubmitButtonFuntionality -->
  <testcase classname="com.intelehealth.tests.StartVisitTest" name="IDA4_2419_verifyBMIValueIsAutoCalculated" time="0.0">
    <ignored/>
  </testcase> <!-- IDA4_2419_verifyBMIValueIsAutoCalculated -->
  <testcase classname="com.intelehealth.tests.StartVisitTest" name="IDA4_2487_verifyFiveOfTwelveQuestionsDescribeTextBoxIsDisplayedWithSubmitButton" time="0.0">
    <ignored/>
  </testcase> <!-- IDA4_2487_verifyFiveOfTwelveQuestionsDescribeTextBoxIsDisplayedWithSubmitButton -->
  <testcase classname="com.intelehealth.tests.StartVisitTest" name="IDA4_2435_verifyConfirmButtonfuntionality" time="0.0">
    <ignored/>
  </testcase> <!-- IDA4_2435_verifyConfirmButtonfuntionality -->
  <testcase classname="com.intelehealth.tests.StartVisitTest" name="IDA4_2466_VerifyDescribeSection" time="0.0">
    <ignored/>
  </testcase> <!-- IDA4_2466_VerifyDescribeSection -->
  <testcase classname="com.intelehealth.tests.StartVisitTest" name="IDA4_2467_VerifyDescribeSection" time="0.0">
    <ignored/>
  </testcase> <!-- IDA4_2467_VerifyDescribeSection -->
  <testcase classname="com.intelehealth.tests.StartVisitTest" name="IDA4_2493_verifyClickinOnOtherOptionDsplaysDescribeTextArea" time="0.0">
    <ignored/>
  </testcase> <!-- IDA4_2493_verifyClickinOnOtherOptionDsplaysDescribeTextArea -->
  <testcase classname="com.intelehealth.tests.StartVisitTest" name="IDA4_2433_VerifyVitalsdetailsAreSaved" time="0.0">
    <ignored/>
  </testcase> <!-- IDA4_2433_VerifyVitalsdetailsAreSaved -->
  <testcase classname="com.intelehealth.tests.StartVisitTest" name="IDA4_2456_VerifyConfirmVisitPopupYesButtonFuntionality" time="0.0">
    <ignored/>
  </testcase> <!-- IDA4_2456_VerifyConfirmVisitPopupYesButtonFuntionality -->
  <testcase classname="com.intelehealth.tests.StartVisitTest" name="IDA4_2454_VerifyConfirmVisitPopup" time="0.0">
    <ignored/>
  </testcase> <!-- IDA4_2454_VerifyConfirmVisitPopup -->
  <testcase classname="com.intelehealth.tests.StartVisitTest" name="IDA4_2491_verifyUserAbleToSelectAnyOptionsOfSixOfTwelveQusetions" time="0.0">
    <ignored/>
  </testcase> <!-- IDA4_2491_verifyUserAbleToSelectAnyOptionsOfSixOfTwelveQusetions -->
  <testcase classname="com.intelehealth.tests.StartVisitTest" name="IDA4_2464_verifyUserCanGoTo3rdQuestionWithoutSelecting2ndQuestion" time="0.0">
    <ignored/>
  </testcase> <!-- IDA4_2464_verifyUserCanGoTo3rdQuestionWithoutSelecting2ndQuestion -->
  <testcase classname="com.intelehealth.tests.StartVisitTest" name="IDA4_2440_verifySelectedReasons" time="0.0">
    <ignored/>
  </testcase> <!-- IDA4_2440_verifySelectedReasons -->
  <testcase classname="com.intelehealth.tests.StartVisitTest" name="IDA4_2476_verifySubmitButtonOfThreeOfElevenQuestion" time="0.0">
    <ignored/>
  </testcase> <!-- IDA4_2476_verifySubmitButtonOfThreeOfElevenQuestion -->
  <testcase classname="com.intelehealth.tests.StartVisitTest" name="IDA4_2486_verifyWhenUserSelectsOptionInFiveOfTwelveQuestions" time="0.0">
    <ignored/>
  </testcase> <!-- IDA4_2486_verifyWhenUserSelectsOptionInFiveOfTwelveQuestions -->
  <testcase classname="com.intelehealth.tests.StartVisitTest" name="IDA4_2429_verifyTheUiOfVitalSummary" time="0.0">
    <ignored/>
  </testcase> <!-- IDA4_2429_verifyTheUiOfVitalSummary -->
  <testcase classname="com.intelehealth.tests.StartVisitTest" name="IDA4_2421_checkBMIStatusWithDifferentValues" time="0.0">
    <ignored/>
  </testcase> <!-- IDA4_2421_checkBMIStatusWithDifferentValues -->
  <testcase classname="com.intelehealth.tests.StartVisitTest" name="IDA4_2432_VerifyChangeButtonOfVitalSummaryScreen" time="0.0">
    <ignored/>
  </testcase> <!-- IDA4_2432_VerifyChangeButtonOfVitalSummaryScreen -->
  <testcase classname="com.intelehealth.tests.StartVisitTest" name="IDA4_2430_verifyDeatilsOnVitalSummaryScreen" time="0.0">
    <ignored/>
  </testcase> <!-- IDA4_2430_verifyDeatilsOnVitalSummaryScreen -->
  <testcase classname="com.intelehealth.tests.StartVisitTest" name="IDA4_2452_verifySelectedReasons" time="0.0">
    <ignored/>
  </testcase> <!-- IDA4_2452_verifySelectedReasons -->
  <testcase classname="com.intelehealth.tests.StartVisitTest" name="IDA4_2415_verifyNextButtonFunctionality" time="0.0">
    <ignored/>
  </testcase> <!-- IDA4_2415_verifyNextButtonFunctionality -->
  <testcase classname="com.intelehealth.tests.StartVisitTest" name="IDA4_2483_enterDataInDescribeFieldAndclickSubmitButton" time="0.0">
    <ignored/>
  </testcase> <!-- IDA4_2483_enterDataInDescribeFieldAndclickSubmitButton -->
  <testcase classname="com.intelehealth.tests.StartVisitTest" name="IDA4_2489_verifySixOfTwelevQuestionIsAutoPopulated" time="0.0">
    <ignored/>
  </testcase> <!-- IDA4_2489_verifySixOfTwelevQuestionIsAutoPopulated -->
  <testcase classname="com.intelehealth.tests.StartVisitTest" name="IDA4_2479_verifyFiveOfTwelveQuestionIsDisplayed" time="0.0">
    <ignored/>
  </testcase> <!-- IDA4_2479_verifyFiveOfTwelveQuestionIsDisplayed -->
  <testcase classname="com.intelehealth.tests.StartVisitTest" name="IDA4_2439_VerifyTheFunctionalityOfRemoveOption" time="0.0">
    <ignored/>
  </testcase> <!-- IDA4_2439_VerifyTheFunctionalityOfRemoveOption -->
  <testcase classname="com.intelehealth.tests.StartVisitTest" name="IDA4_2455_VerifyConfirmVisitPopupNoButtonFuntionality" time="0.0">
    <ignored/>
  </testcase> <!-- IDA4_2455_VerifyConfirmVisitPopupNoButtonFuntionality -->
  <testcase classname="com.intelehealth.tests.StartVisitTest" name="IDA4_2438_verifyFuntionalityOfSelectedReason" time="0.0">
    <ignored/>
  </testcase> <!-- IDA4_2438_verifyFuntionalityOfSelectedReason -->
  <testcase classname="com.intelehealth.tests.StartVisitTest" name="IDA4_2478_selectOptionInFourOfTwelve" time="0.0">
    <ignored/>
  </testcase> <!-- IDA4_2478_selectOptionInFourOfTwelve -->
  <testcase classname="com.intelehealth.tests.StartVisitTest" name="IDA4_2474_selectNumberAndVerify" time="0.0">
    <ignored/>
  </testcase> <!-- IDA4_2474_selectNumberAndVerify -->
  <testcase classname="com.intelehealth.tests.StartVisitTest" name="IDA4_2470_selectNumberAndVerify" time="0.0">
    <ignored/>
  </testcase> <!-- IDA4_2470_selectNumberAndVerify -->
</testsuite> <!-- Pixel_5 -->
