<?xml version="1.0" encoding="UTF-8"?>
<!-- Generated by org.testng.reporters.JUnitXMLReporter -->
<testsuite ignored="0" hostname="DESKTOP-LAAIDQD" failures="0" tests="46" name="Samsung" time="226.525" errors="0" timestamp="2023-12-22T09:56:44 IST">
  <testcase classname="com.intelehealth.tests.StartVisit3And4StepsTest" name="@BeforeMethod beforeMethod" time="193.903">
    <failure type="org.openqa.selenium.NoSuchElementException" message="Can&amp;apos;t locate an element by this strategy: By.chained({AppiumBy.accessibilityId: Identification First Screen Last Name EditText})">
      <![CDATA[org.openqa.selenium.NoSuchElementException: Can't locate an element by this strategy: By.chained({AppiumBy.accessibilityId: Identification First Screen Last Name EditText})
at io.appium.java_client.pagefactory.AppiumElementLocator.findElement(AppiumElementLocator.java:166)
at io.appium.java_client.pagefactory.interceptors.InterceptorOfASingleElement.call(InterceptorOfASingleElement.java:64)
at io.appium.java_client.proxy.Interceptor.intercept(Interceptor.java:78)
at org.openqa.selenium.remote.RemoteWebElement$ByteBuddy$OBuQgnol.sendKeys(Unknown Source)
at com.intelehealth.base.BaseTest.sendKeys(BaseTest.java:455)
at com.intelehealth.pages.AddNewPatientPage.enterLastName(AddNewPatientPage.java:373)
at com.intelehealth.pages.AddNewPatientPage.registerAPatient(AddNewPatientPage.java:761)
at com.intelehealth.tests.StartVisit3And4StepsTest.beforeMethod(StartVisit3And4StepsTest.java:68)
at java.base/java.util.ArrayList.forEach(ArrayList.java:1511)
at java.base/java.util.concurrent.FutureTask.run(FutureTask.java:264)
at java.base/java.util.concurrent.ThreadPoolExecutor.runWorker(ThreadPoolExecutor.java:1136)
at java.base/java.util.concurrent.ThreadPoolExecutor$Worker.run(ThreadPoolExecutor.java:635)
at java.base/java.lang.Thread.run(Thread.java:833)
Caused by: org.openqa.selenium.TimeoutException: Expected condition failed: waiting for io.appium.java_client.pagefactory.AppiumElementLocator$WaitingFunction@7cc1711 (tried for 1 second(s) with 500 milliseconds interval)
at org.openqa.selenium.support.ui.FluentWait.timeoutException(FluentWait.java:262)
at org.openqa.selenium.support.ui.FluentWait.until(FluentWait.java:230)
at io.appium.java_client.pagefactory.AppiumElementLocator.waitFor(AppiumElementLocator.java:135)
at io.appium.java_client.pagefactory.AppiumElementLocator.findElement(AppiumElementLocator.java:160)
... 33 more
Caused by: org.openqa.selenium.NoSuchElementException: Cannot locate an element using By.chained({AppiumBy.accessibilityId: Identification First Screen Last Name EditText})
For documentation on this error, please visit: https://www.selenium.dev/documentation/webdriver/troubleshooting/errors#no-such-element-exception
Build info: version: '4.13.0', revision: 'ba948ece5b*'
System info: os.name: 'Windows 10', os.arch: 'amd64', os.version: '10.0', java.version: '17.0.8.1'
Driver info: driver.version: RemoteWebDriver
at io.appium.java_client.pagefactory.bys.builder.ByChained.findElement(ByChained.java:77)
at org.openqa.selenium.remote.ElementLocation$ElementFinder$1.findElement(ElementLocation.java:139)
at org.openqa.selenium.remote.ElementLocation.findElement(ElementLocation.java:59)
at org.openqa.selenium.remote.RemoteWebDriver.findElement(RemoteWebDriver.java:359)
at org.openqa.selenium.remote.RemoteWebDriver.findElement(RemoteWebDriver.java:353)
at io.appium.java_client.pagefactory.bys.ContentMappedBy.findElement(ContentMappedBy.java:53)
at org.openqa.selenium.remote.ElementLocation$ElementFinder$1.findElement(ElementLocation.java:139)
at org.openqa.selenium.remote.ElementLocation.findElement(ElementLocation.java:59)
at org.openqa.selenium.remote.RemoteWebDriver.findElement(RemoteWebDriver.java:359)
at org.openqa.selenium.remote.RemoteWebDriver.findElement(RemoteWebDriver.java:353)
at io.appium.java_client.pagefactory.AppiumElementLocator.lambda$findElement$1(AppiumElementLocator.java:160)
at io.appium.java_client.pagefactory.AppiumElementLocator$WaitingFunction.apply(AppiumElementLocator.java:217)
at io.appium.java_client.pagefactory.AppiumElementLocator$WaitingFunction.apply(AppiumElementLocator.java:210)
at org.openqa.selenium.support.ui.FluentWait.until(FluentWait.java:205)
... 35 more
... Removed 21 stack frames]]>
    </failure>
  </testcase> <!-- @BeforeMethod beforeMethod -->
  <testcase classname="com.intelehealth.tests.StartVisit3And4StepsTest" name="@AfterMethod afterMethod" time="0.0">
    <skipped/>
  </testcase> <!-- @AfterMethod afterMethod -->
  <testcase classname="com.intelehealth.base.BaseTest" name="@AfterMethod afterMethod" time="0.0">
    <skipped/>
  </testcase> <!-- @AfterMethod afterMethod -->
  <testcase classname="com.intelehealth.base.BaseTest" name="@BeforeMethod beforeMethod" time="0.0">
    <skipped/>
  </testcase> <!-- @BeforeMethod beforeMethod -->
  <testcase classname="com.intelehealth.tests.StartVisit3And4StepsTest" name="@BeforeMethod beforeMethod" time="0.0">
    <skipped/>
  </testcase> <!-- @BeforeMethod beforeMethod -->
  <testcase classname="com.intelehealth.tests.StartVisit3And4StepsTest" name="@AfterMethod afterMethod" time="0.0">
    <skipped/>
  </testcase> <!-- @AfterMethod afterMethod -->
  <testcase classname="com.intelehealth.base.BaseTest" name="@AfterMethod afterMethod" time="0.0">
    <skipped/>
  </testcase> <!-- @AfterMethod afterMethod -->
  <testcase classname="com.intelehealth.base.BaseTest" name="@BeforeMethod beforeMethod" time="0.0">
    <skipped/>
  </testcase> <!-- @BeforeMethod beforeMethod -->
  <testcase classname="com.intelehealth.tests.StartVisit3And4StepsTest" name="@BeforeMethod beforeMethod" time="0.0">
    <skipped/>
  </testcase> <!-- @BeforeMethod beforeMethod -->
  <testcase classname="com.intelehealth.tests.StartVisit3And4StepsTest" name="@AfterMethod afterMethod" time="0.0">
    <skipped/>
  </testcase> <!-- @AfterMethod afterMethod -->
  <testcase classname="com.intelehealth.base.BaseTest" name="@AfterMethod afterMethod" time="0.0">
    <skipped/>
  </testcase> <!-- @AfterMethod afterMethod -->
  <testcase classname="com.intelehealth.base.BaseTest" name="@BeforeMethod beforeMethod" time="0.0">
    <skipped/>
  </testcase> <!-- @BeforeMethod beforeMethod -->
  <testcase classname="com.intelehealth.tests.StartVisit3And4StepsTest" name="@BeforeMethod beforeMethod" time="0.0">
    <skipped/>
  </testcase> <!-- @BeforeMethod beforeMethod -->
  <testcase classname="com.intelehealth.tests.StartVisit3And4StepsTest" name="@AfterMethod afterMethod" time="0.0">
    <skipped/>
  </testcase> <!-- @AfterMethod afterMethod -->
  <testcase classname="com.intelehealth.base.BaseTest" name="@AfterMethod afterMethod" time="0.0">
    <skipped/>
  </testcase> <!-- @AfterMethod afterMethod -->
  <testcase classname="com.intelehealth.base.BaseTest" name="@BeforeMethod beforeMethod" time="0.0">
    <skipped/>
  </testcase> <!-- @BeforeMethod beforeMethod -->
  <testcase classname="com.intelehealth.tests.StartVisit3And4StepsTest" name="@BeforeMethod beforeMethod" time="0.0">
    <skipped/>
  </testcase> <!-- @BeforeMethod beforeMethod -->
  <testcase classname="com.intelehealth.tests.StartVisit3And4StepsTest" name="@AfterMethod afterMethod" time="0.0">
    <skipped/>
  </testcase> <!-- @AfterMethod afterMethod -->
  <testcase classname="com.intelehealth.base.BaseTest" name="@AfterMethod afterMethod" time="0.0">
    <skipped/>
  </testcase> <!-- @AfterMethod afterMethod -->
  <testcase classname="com.intelehealth.base.BaseTest" name="@BeforeMethod beforeMethod" time="0.0">
    <skipped/>
  </testcase> <!-- @BeforeMethod beforeMethod -->
  <testcase classname="com.intelehealth.tests.StartVisit3And4StepsTest" name="@BeforeMethod beforeMethod" time="0.0">
    <skipped/>
  </testcase> <!-- @BeforeMethod beforeMethod -->
  <testcase classname="com.intelehealth.tests.StartVisit3And4StepsTest" name="@AfterMethod afterMethod" time="0.0">
    <skipped/>
  </testcase> <!-- @AfterMethod afterMethod -->
  <testcase classname="com.intelehealth.base.BaseTest" name="@AfterMethod afterMethod" time="0.0">
    <skipped/>
  </testcase> <!-- @AfterMethod afterMethod -->
  <testcase classname="com.intelehealth.base.BaseTest" name="@BeforeMethod beforeMethod" time="0.0">
    <skipped/>
  </testcase> <!-- @BeforeMethod beforeMethod -->
  <testcase classname="com.intelehealth.tests.StartVisit3And4StepsTest" name="@BeforeMethod beforeMethod" time="0.0">
    <skipped/>
  </testcase> <!-- @BeforeMethod beforeMethod -->
  <testcase classname="com.intelehealth.tests.StartVisit3And4StepsTest" name="@AfterMethod afterMethod" time="0.0">
    <skipped/>
  </testcase> <!-- @AfterMethod afterMethod -->
  <testcase classname="com.intelehealth.base.BaseTest" name="@AfterMethod afterMethod" time="0.0">
    <skipped/>
  </testcase> <!-- @AfterMethod afterMethod -->
  <testcase classname="com.intelehealth.base.BaseTest" name="@BeforeMethod beforeMethod" time="0.0">
    <skipped/>
  </testcase> <!-- @BeforeMethod beforeMethod -->
  <testcase classname="com.intelehealth.tests.StartVisit3And4StepsTest" name="@BeforeMethod beforeMethod" time="0.0">
    <skipped/>
  </testcase> <!-- @BeforeMethod beforeMethod -->
  <testcase classname="com.intelehealth.tests.StartVisit3And4StepsTest" name="@AfterMethod afterMethod" time="0.0">
    <skipped/>
  </testcase> <!-- @AfterMethod afterMethod -->
  <testcase classname="com.intelehealth.base.BaseTest" name="@AfterMethod afterMethod" time="0.0">
    <skipped/>
  </testcase> <!-- @AfterMethod afterMethod -->
  <testcase classname="com.intelehealth.base.BaseTest" name="@BeforeMethod beforeMethod" time="0.0">
    <skipped/>
  </testcase> <!-- @BeforeMethod beforeMethod -->
  <testcase classname="com.intelehealth.tests.StartVisit3And4StepsTest" name="@BeforeMethod beforeMethod" time="0.0">
    <skipped/>
  </testcase> <!-- @BeforeMethod beforeMethod -->
  <testcase classname="com.intelehealth.tests.StartVisit3And4StepsTest" name="@AfterMethod afterMethod" time="0.0">
    <skipped/>
  </testcase> <!-- @AfterMethod afterMethod -->
  <testcase classname="com.intelehealth.base.BaseTest" name="@AfterMethod afterMethod" time="0.0">
    <skipped/>
  </testcase> <!-- @AfterMethod afterMethod -->
  <testcase classname="com.intelehealth.base.BaseTest" name="@BeforeMethod beforeMethod" time="0.0">
    <skipped/>
  </testcase> <!-- @BeforeMethod beforeMethod -->
  <testcase classname="com.intelehealth.tests.StartVisit3And4StepsTest" name="@BeforeMethod beforeMethod" time="0.0">
    <skipped/>
  </testcase> <!-- @BeforeMethod beforeMethod -->
  <testcase classname="com.intelehealth.tests.StartVisit3And4StepsTest" name="@AfterMethod afterMethod" time="0.0">
    <skipped/>
  </testcase> <!-- @AfterMethod afterMethod -->
  <testcase classname="com.intelehealth.base.BaseTest" name="@AfterMethod afterMethod" time="0.0">
    <skipped/>
  </testcase> <!-- @AfterMethod afterMethod -->
  <testcase classname="com.intelehealth.base.BaseTest" name="@BeforeMethod beforeMethod" time="0.0">
    <skipped/>
  </testcase> <!-- @BeforeMethod beforeMethod -->
  <testcase classname="com.intelehealth.tests.StartVisit3And4StepsTest" name="@BeforeMethod beforeMethod" time="0.0">
    <skipped/>
  </testcase> <!-- @BeforeMethod beforeMethod -->
  <testcase classname="com.intelehealth.tests.StartVisit3And4StepsTest" name="@AfterMethod afterMethod" time="0.0">
    <skipped/>
  </testcase> <!-- @AfterMethod afterMethod -->
  <testcase classname="com.intelehealth.base.BaseTest" name="@AfterMethod afterMethod" time="0.0">
    <skipped/>
  </testcase> <!-- @AfterMethod afterMethod -->
  <testcase classname="com.intelehealth.base.BaseTest" name="@BeforeMethod beforeMethod" time="0.0">
    <skipped/>
  </testcase> <!-- @BeforeMethod beforeMethod -->
  <testcase classname="com.intelehealth.tests.StartVisit3And4StepsTest" name="@BeforeMethod beforeMethod" time="0.0">
    <skipped/>
  </testcase> <!-- @BeforeMethod beforeMethod -->
  <testcase classname="com.intelehealth.tests.StartVisit3And4StepsTest" name="@AfterMethod afterMethod" time="0.0">
    <skipped/>
  </testcase> <!-- @AfterMethod afterMethod -->
  <testcase classname="com.intelehealth.base.BaseTest" name="@AfterMethod afterMethod" time="0.0">
    <skipped/>
  </testcase> <!-- @AfterMethod afterMethod -->
  <testcase classname="com.intelehealth.base.BaseTest" name="@BeforeMethod beforeMethod" time="0.0">
    <skipped/>
  </testcase> <!-- @BeforeMethod beforeMethod -->
  <testcase classname="com.intelehealth.tests.StartVisit3And4StepsTest" name="@BeforeMethod beforeMethod" time="0.0">
    <skipped/>
  </testcase> <!-- @BeforeMethod beforeMethod -->
  <testcase classname="com.intelehealth.tests.StartVisit3And4StepsTest" name="@AfterMethod afterMethod" time="0.0">
    <skipped/>
  </testcase> <!-- @AfterMethod afterMethod -->
  <testcase classname="com.intelehealth.base.BaseTest" name="@AfterMethod afterMethod" time="0.0">
    <skipped/>
  </testcase> <!-- @AfterMethod afterMethod -->
  <testcase classname="com.intelehealth.base.BaseTest" name="@BeforeMethod beforeMethod" time="0.0">
    <skipped/>
  </testcase> <!-- @BeforeMethod beforeMethod -->
  <testcase classname="com.intelehealth.tests.StartVisit3And4StepsTest" name="@BeforeMethod beforeMethod" time="0.0">
    <skipped/>
  </testcase> <!-- @BeforeMethod beforeMethod -->
  <testcase classname="com.intelehealth.tests.StartVisit3And4StepsTest" name="@AfterMethod afterMethod" time="0.0">
    <skipped/>
  </testcase> <!-- @AfterMethod afterMethod -->
  <testcase classname="com.intelehealth.base.BaseTest" name="@AfterMethod afterMethod" time="0.0">
    <skipped/>
  </testcase> <!-- @AfterMethod afterMethod -->
  <testcase classname="com.intelehealth.base.BaseTest" name="@BeforeMethod beforeMethod" time="0.0">
    <skipped/>
  </testcase> <!-- @BeforeMethod beforeMethod -->
  <testcase classname="com.intelehealth.tests.StartVisit3And4StepsTest" name="@BeforeMethod beforeMethod" time="0.0">
    <skipped/>
  </testcase> <!-- @BeforeMethod beforeMethod -->
  <testcase classname="com.intelehealth.tests.StartVisit3And4StepsTest" name="@AfterMethod afterMethod" time="0.0">
    <skipped/>
  </testcase> <!-- @AfterMethod afterMethod -->
  <testcase classname="com.intelehealth.base.BaseTest" name="@AfterMethod afterMethod" time="0.0">
    <skipped/>
  </testcase> <!-- @AfterMethod afterMethod -->
  <testcase classname="com.intelehealth.base.BaseTest" name="@BeforeMethod beforeMethod" time="0.0">
    <skipped/>
  </testcase> <!-- @BeforeMethod beforeMethod -->
  <testcase classname="com.intelehealth.tests.StartVisit3And4StepsTest" name="@BeforeMethod beforeMethod" time="0.0">
    <skipped/>
  </testcase> <!-- @BeforeMethod beforeMethod -->
  <testcase classname="com.intelehealth.tests.StartVisit3And4StepsTest" name="@AfterMethod afterMethod" time="0.0">
    <skipped/>
  </testcase> <!-- @AfterMethod afterMethod -->
  <testcase classname="com.intelehealth.base.BaseTest" name="@AfterMethod afterMethod" time="0.0">
    <skipped/>
  </testcase> <!-- @AfterMethod afterMethod -->
  <testcase classname="com.intelehealth.base.BaseTest" name="@BeforeMethod beforeMethod" time="0.0">
    <skipped/>
  </testcase> <!-- @BeforeMethod beforeMethod -->
  <testcase classname="com.intelehealth.tests.StartVisit3And4StepsTest" name="@BeforeMethod beforeMethod" time="0.0">
    <skipped/>
  </testcase> <!-- @BeforeMethod beforeMethod -->
  <testcase classname="com.intelehealth.tests.StartVisit3And4StepsTest" name="@AfterMethod afterMethod" time="0.0">
    <skipped/>
  </testcase> <!-- @AfterMethod afterMethod -->
  <testcase classname="com.intelehealth.base.BaseTest" name="@AfterMethod afterMethod" time="0.0">
    <skipped/>
  </testcase> <!-- @AfterMethod afterMethod -->
  <testcase classname="com.intelehealth.base.BaseTest" name="@BeforeMethod beforeMethod" time="0.0">
    <skipped/>
  </testcase> <!-- @BeforeMethod beforeMethod -->
  <testcase classname="com.intelehealth.tests.StartVisit3And4StepsTest" name="@BeforeMethod beforeMethod" time="0.0">
    <skipped/>
  </testcase> <!-- @BeforeMethod beforeMethod -->
  <testcase classname="com.intelehealth.tests.StartVisit3And4StepsTest" name="@AfterMethod afterMethod" time="0.0">
    <skipped/>
  </testcase> <!-- @AfterMethod afterMethod -->
  <testcase classname="com.intelehealth.base.BaseTest" name="@AfterMethod afterMethod" time="0.0">
    <skipped/>
  </testcase> <!-- @AfterMethod afterMethod -->
  <testcase classname="com.intelehealth.base.BaseTest" name="@BeforeMethod beforeMethod" time="0.0">
    <skipped/>
  </testcase> <!-- @BeforeMethod beforeMethod -->
  <testcase classname="com.intelehealth.tests.StartVisit3And4StepsTest" name="@BeforeMethod beforeMethod" time="0.0">
    <skipped/>
  </testcase> <!-- @BeforeMethod beforeMethod -->
  <testcase classname="com.intelehealth.tests.StartVisit3And4StepsTest" name="@AfterMethod afterMethod" time="0.0">
    <skipped/>
  </testcase> <!-- @AfterMethod afterMethod -->
  <testcase classname="com.intelehealth.base.BaseTest" name="@AfterMethod afterMethod" time="0.0">
    <skipped/>
  </testcase> <!-- @AfterMethod afterMethod -->
  <testcase classname="com.intelehealth.base.BaseTest" name="@BeforeMethod beforeMethod" time="0.0">
    <skipped/>
  </testcase> <!-- @BeforeMethod beforeMethod -->
  <testcase classname="com.intelehealth.tests.StartVisit3And4StepsTest" name="@BeforeMethod beforeMethod" time="0.0">
    <skipped/>
  </testcase> <!-- @BeforeMethod beforeMethod -->
  <testcase classname="com.intelehealth.tests.StartVisit3And4StepsTest" name="@AfterMethod afterMethod" time="0.0">
    <skipped/>
  </testcase> <!-- @AfterMethod afterMethod -->
  <testcase classname="com.intelehealth.base.BaseTest" name="@AfterMethod afterMethod" time="0.0">
    <skipped/>
  </testcase> <!-- @AfterMethod afterMethod -->
  <testcase classname="com.intelehealth.base.BaseTest" name="@BeforeMethod beforeMethod" time="0.0">
    <skipped/>
  </testcase> <!-- @BeforeMethod beforeMethod -->
  <testcase classname="com.intelehealth.tests.StartVisit3And4StepsTest" name="@BeforeMethod beforeMethod" time="0.0">
    <skipped/>
  </testcase> <!-- @BeforeMethod beforeMethod -->
  <testcase classname="com.intelehealth.tests.StartVisit3And4StepsTest" name="@AfterMethod afterMethod" time="0.0">
    <skipped/>
  </testcase> <!-- @AfterMethod afterMethod -->
  <testcase classname="com.intelehealth.base.BaseTest" name="@AfterMethod afterMethod" time="0.0">
    <skipped/>
  </testcase> <!-- @AfterMethod afterMethod -->
  <testcase classname="com.intelehealth.base.BaseTest" name="@BeforeMethod beforeMethod" time="0.0">
    <skipped/>
  </testcase> <!-- @BeforeMethod beforeMethod -->
  <testcase classname="com.intelehealth.tests.StartVisit3And4StepsTest" name="@BeforeMethod beforeMethod" time="0.0">
    <skipped/>
  </testcase> <!-- @BeforeMethod beforeMethod -->
  <testcase classname="com.intelehealth.tests.StartVisit3And4StepsTest" name="@AfterMethod afterMethod" time="0.0">
    <skipped/>
  </testcase> <!-- @AfterMethod afterMethod -->
  <testcase classname="com.intelehealth.base.BaseTest" name="@AfterMethod afterMethod" time="0.0">
    <skipped/>
  </testcase> <!-- @AfterMethod afterMethod -->
  <testcase classname="com.intelehealth.base.BaseTest" name="@BeforeMethod beforeMethod" time="0.0">
    <skipped/>
  </testcase> <!-- @BeforeMethod beforeMethod -->
  <testcase classname="com.intelehealth.tests.StartVisit3And4StepsTest" name="@BeforeMethod beforeMethod" time="0.0">
    <skipped/>
  </testcase> <!-- @BeforeMethod beforeMethod -->
  <testcase classname="com.intelehealth.tests.StartVisit3And4StepsTest" name="@AfterMethod afterMethod" time="0.0">
    <skipped/>
  </testcase> <!-- @AfterMethod afterMethod -->
  <testcase classname="com.intelehealth.base.BaseTest" name="@AfterMethod afterMethod" time="0.0">
    <skipped/>
  </testcase> <!-- @AfterMethod afterMethod -->
  <testcase classname="com.intelehealth.base.BaseTest" name="@BeforeMethod beforeMethod" time="0.0">
    <skipped/>
  </testcase> <!-- @BeforeMethod beforeMethod -->
  <testcase classname="com.intelehealth.tests.StartVisit3And4StepsTest" name="@BeforeMethod beforeMethod" time="0.0">
    <skipped/>
  </testcase> <!-- @BeforeMethod beforeMethod -->
  <testcase classname="com.intelehealth.tests.StartVisit3And4StepsTest" name="@AfterMethod afterMethod" time="0.0">
    <skipped/>
  </testcase> <!-- @AfterMethod afterMethod -->
  <testcase classname="com.intelehealth.base.BaseTest" name="@AfterMethod afterMethod" time="0.0">
    <skipped/>
  </testcase> <!-- @AfterMethod afterMethod -->
  <testcase classname="com.intelehealth.base.BaseTest" name="@BeforeMethod beforeMethod" time="0.0">
    <skipped/>
  </testcase> <!-- @BeforeMethod beforeMethod -->
  <testcase classname="com.intelehealth.tests.StartVisit3And4StepsTest" name="@BeforeMethod beforeMethod" time="0.0">
    <skipped/>
  </testcase> <!-- @BeforeMethod beforeMethod -->
  <testcase classname="com.intelehealth.tests.StartVisit3And4StepsTest" name="@AfterMethod afterMethod" time="0.0">
    <skipped/>
  </testcase> <!-- @AfterMethod afterMethod -->
  <testcase classname="com.intelehealth.base.BaseTest" name="@AfterMethod afterMethod" time="0.0">
    <skipped/>
  </testcase> <!-- @AfterMethod afterMethod -->
  <testcase classname="com.intelehealth.base.BaseTest" name="@BeforeMethod beforeMethod" time="0.0">
    <skipped/>
  </testcase> <!-- @BeforeMethod beforeMethod -->
  <testcase classname="com.intelehealth.tests.StartVisit3And4StepsTest" name="@BeforeMethod beforeMethod" time="0.0">
    <skipped/>
  </testcase> <!-- @BeforeMethod beforeMethod -->
  <testcase classname="com.intelehealth.tests.StartVisit3And4StepsTest" name="@AfterMethod afterMethod" time="0.0">
    <skipped/>
  </testcase> <!-- @AfterMethod afterMethod -->
  <testcase classname="com.intelehealth.base.BaseTest" name="@AfterMethod afterMethod" time="0.0">
    <skipped/>
  </testcase> <!-- @AfterMethod afterMethod -->
  <testcase classname="com.intelehealth.base.BaseTest" name="@BeforeMethod beforeMethod" time="0.0">
    <skipped/>
  </testcase> <!-- @BeforeMethod beforeMethod -->
  <testcase classname="com.intelehealth.tests.StartVisit3And4StepsTest" name="@BeforeMethod beforeMethod" time="0.0">
    <skipped/>
  </testcase> <!-- @BeforeMethod beforeMethod -->
  <testcase classname="com.intelehealth.tests.StartVisit3And4StepsTest" name="@AfterMethod afterMethod" time="0.0">
    <skipped/>
  </testcase> <!-- @AfterMethod afterMethod -->
  <testcase classname="com.intelehealth.base.BaseTest" name="@AfterMethod afterMethod" time="0.0">
    <skipped/>
  </testcase> <!-- @AfterMethod afterMethod -->
  <testcase classname="com.intelehealth.base.BaseTest" name="@BeforeMethod beforeMethod" time="0.0">
    <skipped/>
  </testcase> <!-- @BeforeMethod beforeMethod -->
  <testcase classname="com.intelehealth.tests.StartVisit3And4StepsTest" name="@BeforeMethod beforeMethod" time="0.0">
    <skipped/>
  </testcase> <!-- @BeforeMethod beforeMethod -->
  <testcase classname="com.intelehealth.tests.StartVisit3And4StepsTest" name="@AfterMethod afterMethod" time="0.0">
    <skipped/>
  </testcase> <!-- @AfterMethod afterMethod -->
  <testcase classname="com.intelehealth.base.BaseTest" name="@AfterMethod afterMethod" time="0.0">
    <skipped/>
  </testcase> <!-- @AfterMethod afterMethod -->
  <testcase classname="com.intelehealth.base.BaseTest" name="@BeforeMethod beforeMethod" time="0.0">
    <skipped/>
  </testcase> <!-- @BeforeMethod beforeMethod -->
  <testcase classname="com.intelehealth.tests.StartVisit3And4StepsTest" name="@BeforeMethod beforeMethod" time="0.0">
    <skipped/>
  </testcase> <!-- @BeforeMethod beforeMethod -->
  <testcase classname="com.intelehealth.tests.StartVisit3And4StepsTest" name="@AfterMethod afterMethod" time="0.0">
    <skipped/>
  </testcase> <!-- @AfterMethod afterMethod -->
  <testcase classname="com.intelehealth.base.BaseTest" name="@AfterMethod afterMethod" time="0.0">
    <skipped/>
  </testcase> <!-- @AfterMethod afterMethod -->
  <testcase classname="com.intelehealth.base.BaseTest" name="@BeforeMethod beforeMethod" time="0.0">
    <skipped/>
  </testcase> <!-- @BeforeMethod beforeMethod -->
  <testcase classname="com.intelehealth.tests.StartVisit3And4StepsTest" name="@BeforeMethod beforeMethod" time="0.0">
    <skipped/>
  </testcase> <!-- @BeforeMethod beforeMethod -->
  <testcase classname="com.intelehealth.tests.StartVisit3And4StepsTest" name="@AfterMethod afterMethod" time="0.0">
    <skipped/>
  </testcase> <!-- @AfterMethod afterMethod -->
  <testcase classname="com.intelehealth.base.BaseTest" name="@AfterMethod afterMethod" time="0.0">
    <skipped/>
  </testcase> <!-- @AfterMethod afterMethod -->
  <testcase classname="com.intelehealth.base.BaseTest" name="@BeforeMethod beforeMethod" time="0.0">
    <skipped/>
  </testcase> <!-- @BeforeMethod beforeMethod -->
  <testcase classname="com.intelehealth.tests.StartVisit3And4StepsTest" name="@BeforeMethod beforeMethod" time="0.0">
    <skipped/>
  </testcase> <!-- @BeforeMethod beforeMethod -->
  <testcase classname="com.intelehealth.tests.StartVisit3And4StepsTest" name="@AfterMethod afterMethod" time="0.0">
    <skipped/>
  </testcase> <!-- @AfterMethod afterMethod -->
  <testcase classname="com.intelehealth.base.BaseTest" name="@AfterMethod afterMethod" time="0.0">
    <skipped/>
  </testcase> <!-- @AfterMethod afterMethod -->
  <testcase classname="com.intelehealth.base.BaseTest" name="@BeforeMethod beforeMethod" time="0.0">
    <skipped/>
  </testcase> <!-- @BeforeMethod beforeMethod -->
  <testcase classname="com.intelehealth.tests.StartVisit3And4StepsTest" name="@BeforeMethod beforeMethod" time="0.0">
    <skipped/>
  </testcase> <!-- @BeforeMethod beforeMethod -->
  <testcase classname="com.intelehealth.tests.StartVisit3And4StepsTest" name="@AfterMethod afterMethod" time="0.0">
    <skipped/>
  </testcase> <!-- @AfterMethod afterMethod -->
  <testcase classname="com.intelehealth.base.BaseTest" name="@AfterMethod afterMethod" time="0.0">
    <skipped/>
  </testcase> <!-- @AfterMethod afterMethod -->
  <testcase classname="com.intelehealth.base.BaseTest" name="@BeforeMethod beforeMethod" time="0.0">
    <skipped/>
  </testcase> <!-- @BeforeMethod beforeMethod -->
  <testcase classname="com.intelehealth.tests.StartVisit3And4StepsTest" name="@BeforeMethod beforeMethod" time="0.0">
    <skipped/>
  </testcase> <!-- @BeforeMethod beforeMethod -->
  <testcase classname="com.intelehealth.tests.StartVisit3And4StepsTest" name="@AfterMethod afterMethod" time="0.0">
    <skipped/>
  </testcase> <!-- @AfterMethod afterMethod -->
  <testcase classname="com.intelehealth.base.BaseTest" name="@AfterMethod afterMethod" time="0.0">
    <skipped/>
  </testcase> <!-- @AfterMethod afterMethod -->
  <testcase classname="com.intelehealth.base.BaseTest" name="@BeforeMethod beforeMethod" time="0.0">
    <skipped/>
  </testcase> <!-- @BeforeMethod beforeMethod -->
  <testcase classname="com.intelehealth.tests.StartVisit3And4StepsTest" name="@BeforeMethod beforeMethod" time="0.0">
    <skipped/>
  </testcase> <!-- @BeforeMethod beforeMethod -->
  <testcase classname="com.intelehealth.tests.StartVisit3And4StepsTest" name="@AfterMethod afterMethod" time="0.0">
    <skipped/>
  </testcase> <!-- @AfterMethod afterMethod -->
  <testcase classname="com.intelehealth.base.BaseTest" name="@AfterMethod afterMethod" time="0.0">
    <skipped/>
  </testcase> <!-- @AfterMethod afterMethod -->
  <testcase classname="com.intelehealth.base.BaseTest" name="@BeforeMethod beforeMethod" time="0.0">
    <skipped/>
  </testcase> <!-- @BeforeMethod beforeMethod -->
  <testcase classname="com.intelehealth.tests.StartVisit3And4StepsTest" name="@BeforeMethod beforeMethod" time="0.0">
    <skipped/>
  </testcase> <!-- @BeforeMethod beforeMethod -->
  <testcase classname="com.intelehealth.tests.StartVisit3And4StepsTest" name="@AfterMethod afterMethod" time="0.0">
    <skipped/>
  </testcase> <!-- @AfterMethod afterMethod -->
  <testcase classname="com.intelehealth.base.BaseTest" name="@AfterMethod afterMethod" time="0.0">
    <skipped/>
  </testcase> <!-- @AfterMethod afterMethod -->
  <testcase classname="com.intelehealth.base.BaseTest" name="@BeforeMethod beforeMethod" time="0.0">
    <skipped/>
  </testcase> <!-- @BeforeMethod beforeMethod -->
  <testcase classname="com.intelehealth.tests.StartVisit3And4StepsTest" name="@BeforeMethod beforeMethod" time="0.0">
    <skipped/>
  </testcase> <!-- @BeforeMethod beforeMethod -->
  <testcase classname="com.intelehealth.tests.StartVisit3And4StepsTest" name="@AfterMethod afterMethod" time="0.0">
    <skipped/>
  </testcase> <!-- @AfterMethod afterMethod -->
  <testcase classname="com.intelehealth.base.BaseTest" name="@AfterMethod afterMethod" time="0.0">
    <skipped/>
  </testcase> <!-- @AfterMethod afterMethod -->
  <testcase classname="com.intelehealth.base.BaseTest" name="@BeforeMethod beforeMethod" time="0.0">
    <skipped/>
  </testcase> <!-- @BeforeMethod beforeMethod -->
  <testcase classname="com.intelehealth.tests.StartVisit3And4StepsTest" name="@BeforeMethod beforeMethod" time="0.0">
    <skipped/>
  </testcase> <!-- @BeforeMethod beforeMethod -->
  <testcase classname="com.intelehealth.tests.StartVisit3And4StepsTest" name="@AfterMethod afterMethod" time="0.0">
    <skipped/>
  </testcase> <!-- @AfterMethod afterMethod -->
  <testcase classname="com.intelehealth.base.BaseTest" name="@AfterMethod afterMethod" time="0.0">
    <skipped/>
  </testcase> <!-- @AfterMethod afterMethod -->
  <testcase classname="com.intelehealth.base.BaseTest" name="@BeforeMethod beforeMethod" time="0.0">
    <skipped/>
  </testcase> <!-- @BeforeMethod beforeMethod -->
  <testcase classname="com.intelehealth.tests.StartVisit3And4StepsTest" name="@BeforeMethod beforeMethod" time="0.0">
    <skipped/>
  </testcase> <!-- @BeforeMethod beforeMethod -->
  <testcase classname="com.intelehealth.tests.StartVisit3And4StepsTest" name="@AfterMethod afterMethod" time="0.0">
    <skipped/>
  </testcase> <!-- @AfterMethod afterMethod -->
  <testcase classname="com.intelehealth.base.BaseTest" name="@AfterMethod afterMethod" time="0.0">
    <skipped/>
  </testcase> <!-- @AfterMethod afterMethod -->
  <testcase classname="com.intelehealth.base.BaseTest" name="@BeforeMethod beforeMethod" time="0.0">
    <skipped/>
  </testcase> <!-- @BeforeMethod beforeMethod -->
  <testcase classname="com.intelehealth.tests.StartVisit3And4StepsTest" name="@BeforeMethod beforeMethod" time="0.0">
    <skipped/>
  </testcase> <!-- @BeforeMethod beforeMethod -->
  <testcase classname="com.intelehealth.tests.StartVisit3And4StepsTest" name="@AfterMethod afterMethod" time="0.0">
    <skipped/>
  </testcase> <!-- @AfterMethod afterMethod -->
  <testcase classname="com.intelehealth.base.BaseTest" name="@AfterMethod afterMethod" time="0.0">
    <skipped/>
  </testcase> <!-- @AfterMethod afterMethod -->
  <testcase classname="com.intelehealth.base.BaseTest" name="@BeforeMethod beforeMethod" time="0.0">
    <skipped/>
  </testcase> <!-- @BeforeMethod beforeMethod -->
  <testcase classname="com.intelehealth.tests.StartVisit3And4StepsTest" name="@BeforeMethod beforeMethod" time="0.0">
    <skipped/>
  </testcase> <!-- @BeforeMethod beforeMethod -->
  <testcase classname="com.intelehealth.tests.StartVisit3And4StepsTest" name="@AfterMethod afterMethod" time="0.0">
    <skipped/>
  </testcase> <!-- @AfterMethod afterMethod -->
  <testcase classname="com.intelehealth.base.BaseTest" name="@AfterMethod afterMethod" time="0.0">
    <skipped/>
  </testcase> <!-- @AfterMethod afterMethod -->
  <testcase classname="com.intelehealth.base.BaseTest" name="@BeforeMethod beforeMethod" time="0.0">
    <skipped/>
  </testcase> <!-- @BeforeMethod beforeMethod -->
  <testcase classname="com.intelehealth.tests.StartVisit3And4StepsTest" name="@BeforeMethod beforeMethod" time="0.0">
    <skipped/>
  </testcase> <!-- @BeforeMethod beforeMethod -->
  <testcase classname="com.intelehealth.tests.StartVisit3And4StepsTest" name="@AfterMethod afterMethod" time="0.0">
    <skipped/>
  </testcase> <!-- @AfterMethod afterMethod -->
  <testcase classname="com.intelehealth.base.BaseTest" name="@AfterMethod afterMethod" time="0.0">
    <skipped/>
  </testcase> <!-- @AfterMethod afterMethod -->
  <testcase classname="com.intelehealth.base.BaseTest" name="@BeforeMethod beforeMethod" time="0.0">
    <skipped/>
  </testcase> <!-- @BeforeMethod beforeMethod -->
  <testcase classname="com.intelehealth.tests.StartVisit3And4StepsTest" name="@BeforeMethod beforeMethod" time="0.0">
    <skipped/>
  </testcase> <!-- @BeforeMethod beforeMethod -->
  <testcase classname="com.intelehealth.tests.StartVisit3And4StepsTest" name="@AfterMethod afterMethod" time="0.0">
    <skipped/>
  </testcase> <!-- @AfterMethod afterMethod -->
  <testcase classname="com.intelehealth.base.BaseTest" name="@AfterMethod afterMethod" time="0.0">
    <skipped/>
  </testcase> <!-- @AfterMethod afterMethod -->
  <testcase classname="com.intelehealth.base.BaseTest" name="@BeforeMethod beforeMethod" time="0.0">
    <skipped/>
  </testcase> <!-- @BeforeMethod beforeMethod -->
  <testcase classname="com.intelehealth.tests.StartVisit3And4StepsTest" name="@BeforeMethod beforeMethod" time="0.0">
    <skipped/>
  </testcase> <!-- @BeforeMethod beforeMethod -->
  <testcase classname="com.intelehealth.tests.StartVisit3And4StepsTest" name="@AfterMethod afterMethod" time="0.0">
    <skipped/>
  </testcase> <!-- @AfterMethod afterMethod -->
  <testcase classname="com.intelehealth.base.BaseTest" name="@AfterMethod afterMethod" time="0.0">
    <skipped/>
  </testcase> <!-- @AfterMethod afterMethod -->
  <testcase classname="com.intelehealth.base.BaseTest" name="@BeforeMethod beforeMethod" time="0.0">
    <skipped/>
  </testcase> <!-- @BeforeMethod beforeMethod -->
  <testcase classname="com.intelehealth.tests.StartVisit3And4StepsTest" name="@BeforeMethod beforeMethod" time="0.0">
    <skipped/>
  </testcase> <!-- @BeforeMethod beforeMethod -->
  <testcase classname="com.intelehealth.tests.StartVisit3And4StepsTest" name="@AfterMethod afterMethod" time="0.0">
    <skipped/>
  </testcase> <!-- @AfterMethod afterMethod -->
  <testcase classname="com.intelehealth.base.BaseTest" name="@AfterMethod afterMethod" time="0.0">
    <skipped/>
  </testcase> <!-- @AfterMethod afterMethod -->
  <testcase classname="com.intelehealth.base.BaseTest" name="@BeforeMethod beforeMethod" time="0.0">
    <skipped/>
  </testcase> <!-- @BeforeMethod beforeMethod -->
  <testcase classname="com.intelehealth.tests.StartVisit3And4StepsTest" name="@BeforeMethod beforeMethod" time="0.0">
    <skipped/>
  </testcase> <!-- @BeforeMethod beforeMethod -->
  <testcase classname="com.intelehealth.tests.StartVisit3And4StepsTest" name="@AfterMethod afterMethod" time="0.0">
    <skipped/>
  </testcase> <!-- @AfterMethod afterMethod -->
  <testcase classname="com.intelehealth.base.BaseTest" name="@AfterMethod afterMethod" time="0.0">
    <skipped/>
  </testcase> <!-- @AfterMethod afterMethod -->
  <testcase classname="com.intelehealth.base.BaseTest" name="@BeforeMethod beforeMethod" time="0.0">
    <skipped/>
  </testcase> <!-- @BeforeMethod beforeMethod -->
  <testcase classname="com.intelehealth.tests.StartVisit3And4StepsTest" name="@BeforeMethod beforeMethod" time="0.0">
    <skipped/>
  </testcase> <!-- @BeforeMethod beforeMethod -->
  <testcase classname="com.intelehealth.tests.StartVisit3And4StepsTest" name="@AfterMethod afterMethod" time="0.0">
    <skipped/>
  </testcase> <!-- @AfterMethod afterMethod -->
  <testcase classname="com.intelehealth.base.BaseTest" name="@AfterMethod afterMethod" time="0.0">
    <skipped/>
  </testcase> <!-- @AfterMethod afterMethod -->
  <testcase classname="com.intelehealth.tests.StartVisit3And4StepsTest" name="IDA4_2562_verifyOneOfSixQuestionsIsShownToUser" time="0.0">
    <skipped/>
  </testcase> <!-- IDA4_2562_verifyOneOfSixQuestionsIsShownToUser -->
  <testcase classname="com.intelehealth.tests.StartVisit3And4StepsTest" name="IDA4_2563_verifyOneOfSixQuestionsOptions" time="0.0">
    <skipped/>
  </testcase> <!-- IDA4_2563_verifyOneOfSixQuestionsOptions -->
  <testcase classname="com.intelehealth.tests.StartVisit3And4StepsTest" name="IDA4_2564_verifyTakeAPictureOption" time="0.0">
    <skipped/>
  </testcase> <!-- IDA4_2564_verifyTakeAPictureOption -->
  <testcase classname="com.intelehealth.tests.StartVisit3And4StepsTest" name="IDA4_2565_verifyUploadIcon" time="0.002">
    <skipped/>
  </testcase> <!-- IDA4_2565_verifyUploadIcon -->
  <testcase classname="com.intelehealth.tests.StartVisit3And4StepsTest" name="IDA4_2574_verifyTwoOfSixQuestionIsDisplayed" time="0.0">
    <skipped/>
  </testcase> <!-- IDA4_2574_verifyTwoOfSixQuestionIsDisplayed -->
  <testcase classname="com.intelehealth.tests.StartVisit3And4StepsTest" name="IDA4_2575_verifyTwoOfSixQuestionNormalPaleOption" time="0.0">
    <skipped/>
  </testcase> <!-- IDA4_2575_verifyTwoOfSixQuestionNormalPaleOption -->
  <testcase classname="com.intelehealth.tests.StartVisit3And4StepsTest" name="IDA4_2584_verifyThreeOfSixQuestionsIsShownToUser" time="0.001">
    <skipped/>
  </testcase> <!-- IDA4_2584_verifyThreeOfSixQuestionsIsShownToUser -->
  <testcase classname="com.intelehealth.tests.StartVisit3And4StepsTest" name="IDA4_2585_verifyThreeOfSixQuestionsNormalSlowOption" time="0.0">
    <skipped/>
  </testcase> <!-- IDA4_2585_verifyThreeOfSixQuestionsNormalSlowOption -->
  <testcase classname="com.intelehealth.tests.StartVisit3And4StepsTest" name="IDA4_2586_verifyFourOfSixQuestionsIsShownToUser" time="0.0">
    <skipped/>
  </testcase> <!-- IDA4_2586_verifyFourOfSixQuestionsIsShownToUser -->
  <testcase classname="com.intelehealth.tests.StartVisit3And4StepsTest" name="IDA4_2587_verifyFourOfSixQuestionsOptions" time="0.0">
    <skipped/>
  </testcase> <!-- IDA4_2587_verifyFourOfSixQuestionsOptions -->
  <testcase classname="com.intelehealth.tests.StartVisit3And4StepsTest" name="IDA4_2596_verifyFiveOfSixQuestionsIsDisplayedWithOptions" time="0.0">
    <skipped/>
  </testcase> <!-- IDA4_2596_verifyFiveOfSixQuestionsIsDisplayedWithOptions -->
  <testcase classname="com.intelehealth.tests.StartVisit3And4StepsTest" name="IDA4_2597_verifyFiveOfSixQuestionsIsDisplayedWithOptions" time="0.001">
    <skipped/>
  </testcase> <!-- IDA4_2597_verifyFiveOfSixQuestionsIsDisplayedWithOptions -->
  <testcase classname="com.intelehealth.tests.StartVisit3And4StepsTest" name="IDA4_2606_verifySixofSixQuestionsIsShownToUser" time="0.0">
    <skipped/>
  </testcase> <!-- IDA4_2606_verifySixofSixQuestionsIsShownToUser -->
  <testcase classname="com.intelehealth.tests.StartVisit3And4StepsTest" name="IDA4_2607_verifySixofSixQuestionsOptions" time="0.0">
    <skipped/>
  </testcase> <!-- IDA4_2607_verifySixofSixQuestionsOptions -->
  <testcase classname="com.intelehealth.tests.StartVisit3And4StepsTest" name="IDA4_2621_verifyChangeButtonFunctionality" time="0.0">
    <skipped/>
  </testcase> <!-- IDA4_2621_verifyChangeButtonFunctionality -->
  <testcase classname="com.intelehealth.tests.StartVisit3And4StepsTest" name="IDA4_2623_verifyBackButtonFunctionality" time="0.0">
    <skipped/>
  </testcase> <!-- IDA4_2623_verifyBackButtonFunctionality -->
  <testcase classname="com.intelehealth.tests.StartVisit3And4StepsTest" name="IDA4_2624_verifyConfirmButtonFunctionality" time="0.0">
    <skipped/>
  </testcase> <!-- IDA4_2624_verifyConfirmButtonFunctionality -->
  <testcase classname="com.intelehealth.tests.StartVisit3And4StepsTest" name="IDA4_2641_verifyFamilyHistoryUi" time="0.0">
    <skipped/>
  </testcase> <!-- IDA4_2641_verifyFamilyHistoryUi -->
  <testcase classname="com.intelehealth.tests.StartVisit3And4StepsTest" name="IDA4_2644_verifyMultipleOptionsInFamilyHistoryScreen" time="0.0">
    <skipped/>
  </testcase> <!-- IDA4_2644_verifyMultipleOptionsInFamilyHistoryScreen -->
  <testcase classname="com.intelehealth.tests.StartVisit3And4StepsTest" name="IDA4_2645_verifyTextBoxIsDisplayed" time="0.0">
    <skipped/>
  </testcase> <!-- IDA4_2645_verifyTextBoxIsDisplayed -->
  <testcase classname="com.intelehealth.tests.StartVisit3And4StepsTest" name="IDA4_2646_verifyUserAbleToEnterDataInTextBox" time="0.0">
    <skipped/>
  </testcase> <!-- IDA4_2646_verifyUserAbleToEnterDataInTextBox -->
  <testcase classname="com.intelehealth.tests.StartVisit3And4StepsTest" name="IDA4_2648_verifyConfirmButtonFunctionality" time="0.0">
    <skipped/>
  </testcase> <!-- IDA4_2648_verifyConfirmButtonFunctionality -->
  <testcase classname="com.intelehealth.tests.StartVisit3And4StepsTest" name="IDA4_2652_verifyPatientHistoryScreenChangeButton" time="0.0">
    <skipped/>
  </testcase> <!-- IDA4_2652_verifyPatientHistoryScreenChangeButton -->
  <testcase classname="com.intelehealth.tests.StartVisit3And4StepsTest" name="IDA4_2653_verifyFamilyHistoryScreenChangeButton" time="0.0">
    <skipped/>
  </testcase> <!-- IDA4_2653_verifyFamilyHistoryScreenChangeButton -->
  <testcase classname="com.intelehealth.tests.StartVisit3And4StepsTest" name="IDA4_2655_verifyBackButtonFunctionality" time="0.0">
    <skipped/>
  </testcase> <!-- IDA4_2655_verifyBackButtonFunctionality -->
  <testcase classname="com.intelehealth.tests.StartVisit3And4StepsTest" name="IDA4_2656_verifyConfirmButtonFunctionality" time="0.001">
    <skipped/>
  </testcase> <!-- IDA4_2656_verifyConfirmButtonFunctionality -->
  <testcase classname="com.intelehealth.tests.StartVisit3And4StepsTest" name="IDA4_2628_verifyUserAbleToSelectOneOrMoreOption" time="0.0">
    <skipped/>
  </testcase> <!-- IDA4_2628_verifyUserAbleToSelectOneOrMoreOption -->
  <testcase classname="com.intelehealth.tests.StartVisit3And4StepsTest" name="IDA4_2630_verifySkipButtonFunctionality" time="0.001">
    <skipped/>
  </testcase> <!-- IDA4_2630_verifySkipButtonFunctionality -->
  <testcase classname="com.intelehealth.tests.StartVisit3And4StepsTest" name="IDA4_2632_verifySubmitButtonFunctionality" time="0.0">
    <skipped/>
  </testcase> <!-- IDA4_2632_verifySubmitButtonFunctionality -->
  <testcase classname="com.intelehealth.tests.StartVisit3And4StepsTest" name="IDA4_2633_verifyOtherDescribeFunctionality" time="0.006">
    <skipped/>
  </testcase> <!-- IDA4_2633_verifyOtherDescribeFunctionality -->
  <testcase classname="com.intelehealth.tests.StartVisit3And4StepsTest" name="IDA4_2635_verifyDropdowns" time="0.005">
    <skipped/>
  </testcase> <!-- IDA4_2635_verifyDropdowns -->
  <testcase classname="com.intelehealth.tests.StartVisit3And4StepsTest" name="IDA4_2636_verifyCalenderSelectionOption" time="0.0">
    <skipped/>
  </testcase> <!-- IDA4_2636_verifyCalenderSelectionOption -->
  <testcase classname="com.intelehealth.tests.StartVisit3And4StepsTest" name="IDA4_2637_verifySelectedDateAppearsOnPatientHistoryScreen" time="0.0">
    <skipped/>
  </testcase> <!-- IDA4_2637_verifySelectedDateAppearsOnPatientHistoryScreen -->
  <testcase classname="com.intelehealth.tests.StartVisit3And4StepsTest" name="IDA4_2622_verifyChangesUpdated" time="0.0">
    <skipped/>
  </testcase> <!-- IDA4_2622_verifyChangesUpdated -->
  <testcase classname="com.intelehealth.tests.StartVisit3And4StepsTest" name="IDA4_2654_verifyChangesUpdatedInMedicalHistoryScreen" time="0.0">
    <skipped/>
  </testcase> <!-- IDA4_2654_verifyChangesUpdatedInMedicalHistoryScreen -->
  <testcase classname="com.intelehealth.tests.StartVisit3And4StepsTest" name="IDA4_2647_verifyFamilyHistoryDescribeSection" time="0.0">
    <skipped/>
  </testcase> <!-- IDA4_2647_verifyFamilyHistoryDescribeSection -->
  <testcase classname="com.intelehealth.tests.StartVisit3And4StepsTest" name="IDA4_2567_verifyClickingOnPhotoInOneOfSix" time="0.002">
    <skipped/>
  </testcase> <!-- IDA4_2567_verifyClickingOnPhotoInOneOfSix -->
  <testcase classname="com.intelehealth.tests.StartVisit3And4StepsTest" name="IDA4_2579_verifyClickingOnPhotoInTwoOfSix" time="0.0">
    <skipped/>
  </testcase> <!-- IDA4_2579_verifyClickingOnPhotoInTwoOfSix -->
  <testcase classname="com.intelehealth.tests.StartVisit3And4StepsTest" name="IDA4_2590_verifyClickingOnPhotoInFourOfSix" time="0.0">
    <skipped/>
  </testcase> <!-- IDA4_2590_verifyClickingOnPhotoInFourOfSix -->
  <testcase classname="com.intelehealth.tests.StartVisit3And4StepsTest" name="IDA4_2601_verifyClickingOnPhotoInFiveOfSix" time="0.0">
    <skipped/>
  </testcase> <!-- IDA4_2601_verifyClickingOnPhotoInFiveOfSix -->
  <testcase classname="com.intelehealth.tests.StartVisit3And4StepsTest" name="IDA4_2611_verifyClickingOnPhotoInSixOfSix" time="0.0">
    <skipped/>
  </testcase> <!-- IDA4_2611_verifyClickingOnPhotoInSixOfSix -->
  <testcase classname="com.intelehealth.tests.StartVisit3And4StepsTest" name="IDA4_2572_verifyPictureUploadedFromGalleryInOneOfSix" time="0.0">
    <skipped/>
  </testcase> <!-- IDA4_2572_verifyPictureUploadedFromGalleryInOneOfSix -->
  <testcase classname="com.intelehealth.tests.StartVisit3And4StepsTest" name="IDA4_2582_verifyPictureUploadedFromGalleryInTwoOfSix" time="0.0">
    <skipped/>
  </testcase> <!-- IDA4_2582_verifyPictureUploadedFromGalleryInTwoOfSix -->
  <testcase classname="com.intelehealth.tests.StartVisit3And4StepsTest" name="IDA4_2594_verifyPictureUploadedFromGalleryInFourOfSix" time="0.0">
    <skipped/>
  </testcase> <!-- IDA4_2594_verifyPictureUploadedFromGalleryInFourOfSix -->
  <testcase classname="com.intelehealth.tests.StartVisit3And4StepsTest" name="IDA4_2604_verifyPictureUploadedFromGalleryInFiveOfSix" time="0.0">
    <skipped/>
  </testcase> <!-- IDA4_2604_verifyPictureUploadedFromGalleryInFiveOfSix -->
  <testcase classname="com.intelehealth.tests.StartVisit3And4StepsTest" name="IDA4_2614_verifyPictureUploadedFromGalleryInSixOfSix" time="0.0">
    <skipped/>
  </testcase> <!-- IDA4_2614_verifyPictureUploadedFromGalleryInSixOfSix -->
</testsuite> <!-- Samsung -->
