<?xml version="1.0" encoding="UTF-8"?>
<!-- Generated by org.testng.reporters.JUnitReportReporter -->
<testsuite hostname="DESKTOP-LAAIDQD" failures="2" tests="8" name="com.intelehealth.tests.CloseVisitsTest" time="921.247" errors="0" timestamp="2023-12-18T11:38:42 IST" skipped="0">
  <testcase classname="com.intelehealth.tests.CloseVisitsTest" name="IDA4_2239_verifyCloseVisitButtonFunctionality" time="92.016"/>
  <testcase classname="com.intelehealth.tests.CloseVisitsTest" name="IDA4_2241_verifyConfirmButton" time="91.009"/>
  <testcase classname="com.intelehealth.tests.CloseVisitsTest" name="IDA4_2245_enterTextInFeedbackAreaAndSubmit" time="84.809"/>
  <testcase classname="com.intelehealth.tests.CloseVisitsTest" name="IDA4_2249_verifyUserAbleToCloseVisitsFromRecentAndOlderSection" time="147.749"/>
  <testcase classname="com.intelehealth.tests.CloseVisitsTest" name="IDA4_2236_verifyRecentVisitsSection" time="92.220"/>
  <testcase classname="com.intelehealth.tests.CloseVisitsTest" name="IDA4_2247_verifyClosedCountIsDecreased" time="154.641"/>
  <testcase classname="com.intelehealth.tests.CloseVisitsTest" name="IDA4_2238_verifyAboveSevenDaysPatientsAreDisplayedInOlderVisits" time="164.909">
    <failure message="No visits are above 7 days." type="java.lang.AssertionError">
      <![CDATA[java.lang.AssertionError: No visits are above 7 days.
at com.intelehealth.pages.CloseVisitsPage.verifyAboveSevenDaysPatientsAreDisplayed(CloseVisitsPage.java:270)
at com.intelehealth.tests.CloseVisitsTest.IDA4_2238_verifyAboveSevenDaysPatientsAreDisplayedInOlderVisits(CloseVisitsTest.java:83)
at java.base/jdk.internal.reflect.NativeMethodAccessorImpl.invoke0(Native Method)
at java.base/jdk.internal.reflect.NativeMethodAccessorImpl.invoke(NativeMethodAccessorImpl.java:77)
at java.base/jdk.internal.reflect.DelegatingMethodAccessorImpl.invoke(DelegatingMethodAccessorImpl.java:43)
at java.base/java.lang.reflect.Method.invoke(Method.java:568)
at org.testng.internal.invokers.MethodInvocationHelper.invokeMethod(MethodInvocationHelper.java:139)
at org.testng.internal.invokers.TestInvoker.invokeMethod(TestInvoker.java:664)
at org.testng.internal.invokers.TestInvoker.invokeTestMethod(TestInvoker.java:227)
at org.testng.internal.invokers.MethodRunner.runInSequence(MethodRunner.java:50)
at org.testng.internal.invokers.TestInvoker$MethodInvocationAgent.invoke(TestInvoker.java:957)
at org.testng.internal.invokers.TestInvoker.invokeTestMethods(TestInvoker.java:200)
at org.testng.internal.invokers.TestMethodWorker.invokeTestMethods(TestMethodWorker.java:148)
at org.testng.internal.invokers.TestMethodWorker.run(TestMethodWorker.java:128)
at java.base/java.util.ArrayList.forEach(ArrayList.java:1511)
at org.testng.TestRunner.privateRun(TestRunner.java:848)
at org.testng.TestRunner.run(TestRunner.java:621)
at org.testng.SuiteRunner.runTest(SuiteRunner.java:443)
at org.testng.SuiteRunner$SuiteWorker.run(SuiteRunner.java:481)
at org.testng.internal.thread.ThreadUtil.lambda$execute$0(ThreadUtil.java:58)
at java.base/java.util.concurrent.FutureTask.run(FutureTask.java:264)
at java.base/java.util.concurrent.ThreadPoolExecutor.runWorker(ThreadPoolExecutor.java:1136)
at java.base/java.util.concurrent.ThreadPoolExecutor$Worker.run(ThreadPoolExecutor.java:635)
at java.base/java.lang.Thread.run(Thread.java:833)
]]>
    </failure>
    <system-out>
      <![CDATA[This is the sample screenshot
<a href='C:\Users\Shweta\Thought-Frameworks\Intelehealth-Mobile-Automation - StartVisit\Screenshots\Android_Samsung\2023-12-18-11-23-07\CloseVisitsTest\IDA4_2238_verifyAboveSevenDaysPatientsAreDisplayedInOlderVisits.png'> <img src='C:\Users\Shweta\Thought-Frameworks\Intelehealth-Mobile-Automation - StartVisit\Screenshots\Android_Samsung\2023-12-18-11-23-07\CloseVisitsTest\IDA4_2238_verifyAboveSevenDaysPatientsAreDisplayedInOlderVisits.png' height='400' width='400'/> </a>]]>
    </system-out>
  </testcase> <!-- IDA4_2238_verifyAboveSevenDaysPatientsAreDisplayedInOlderVisits -->
  <testcase classname="com.intelehealth.tests.CloseVisitsTest" name="IDA4_2237_verifyAboveLastSevenDaysPatientsAreDisplayedInRecentVisits" time="93.894">
    <failure message="No visits are from the last 7 days." type="java.lang.AssertionError">
      <![CDATA[java.lang.AssertionError: No visits are from the last 7 days.
at com.intelehealth.pages.CloseVisitsPage.verifyLastSevenDaysPatientsAreDisplayed(CloseVisitsPage.java:327)
at com.intelehealth.tests.CloseVisitsTest.IDA4_2237_verifyAboveLastSevenDaysPatientsAreDisplayedInRecentVisits(CloseVisitsTest.java:89)
at java.base/jdk.internal.reflect.NativeMethodAccessorImpl.invoke0(Native Method)
at java.base/jdk.internal.reflect.NativeMethodAccessorImpl.invoke(NativeMethodAccessorImpl.java:77)
at java.base/jdk.internal.reflect.DelegatingMethodAccessorImpl.invoke(DelegatingMethodAccessorImpl.java:43)
at java.base/java.lang.reflect.Method.invoke(Method.java:568)
at org.testng.internal.invokers.MethodInvocationHelper.invokeMethod(MethodInvocationHelper.java:139)
at org.testng.internal.invokers.TestInvoker.invokeMethod(TestInvoker.java:664)
at org.testng.internal.invokers.TestInvoker.invokeTestMethod(TestInvoker.java:227)
at org.testng.internal.invokers.MethodRunner.runInSequence(MethodRunner.java:50)
at org.testng.internal.invokers.TestInvoker$MethodInvocationAgent.invoke(TestInvoker.java:957)
at org.testng.internal.invokers.TestInvoker.invokeTestMethods(TestInvoker.java:200)
at org.testng.internal.invokers.TestMethodWorker.invokeTestMethods(TestMethodWorker.java:148)
at org.testng.internal.invokers.TestMethodWorker.run(TestMethodWorker.java:128)
at java.base/java.util.ArrayList.forEach(ArrayList.java:1511)
at org.testng.TestRunner.privateRun(TestRunner.java:848)
at org.testng.TestRunner.run(TestRunner.java:621)
at org.testng.SuiteRunner.runTest(SuiteRunner.java:443)
at org.testng.SuiteRunner$SuiteWorker.run(SuiteRunner.java:481)
at org.testng.internal.thread.ThreadUtil.lambda$execute$0(ThreadUtil.java:58)
at java.base/java.util.concurrent.FutureTask.run(FutureTask.java:264)
at java.base/java.util.concurrent.ThreadPoolExecutor.runWorker(ThreadPoolExecutor.java:1136)
at java.base/java.util.concurrent.ThreadPoolExecutor$Worker.run(ThreadPoolExecutor.java:635)
at java.base/java.lang.Thread.run(Thread.java:833)
]]>
    </failure>
    <system-out>
      <![CDATA[This is the sample screenshot
<a href='C:\Users\Shweta\Thought-Frameworks\Intelehealth-Mobile-Automation - StartVisit\Screenshots\Android_Samsung\2023-12-18-11-23-07\CloseVisitsTest\IDA4_2237_verifyAboveLastSevenDaysPatientsAreDisplayedInRecentVisits.png'> <img src='C:\Users\Shweta\Thought-Frameworks\Intelehealth-Mobile-Automation - StartVisit\Screenshots\Android_Samsung\2023-12-18-11-23-07\CloseVisitsTest\IDA4_2237_verifyAboveLastSevenDaysPatientsAreDisplayedInRecentVisits.png' height='400' width='400'/> </a>]]>
    </system-out>
  </testcase> <!-- IDA4_2237_verifyAboveLastSevenDaysPatientsAreDisplayedInRecentVisits -->
  <system-out>
    <![CDATA[This is the sample screenshot
<a href='C:\Users\Shweta\Thought-Frameworks\Intelehealth-Mobile-Automation - StartVisit\Screenshots\Android_Samsung\2023-12-18-11-23-07\CloseVisitsTest\IDA4_2238_verifyAboveSevenDaysPatientsAreDisplayedInOlderVisits.png'> <img src='C:\Users\Shweta\Thought-Frameworks\Intelehealth-Mobile-Automation - StartVisit\Screenshots\Android_Samsung\2023-12-18-11-23-07\CloseVisitsTest\IDA4_2238_verifyAboveSevenDaysPatientsAreDisplayedInOlderVisits.png' height='400' width='400'/> </a>
This is the sample screenshot
<a href='C:\Users\Shweta\Thought-Frameworks\Intelehealth-Mobile-Automation - StartVisit\Screenshots\Android_Samsung\2023-12-18-11-23-07\CloseVisitsTest\IDA4_2237_verifyAboveLastSevenDaysPatientsAreDisplayedInRecentVisits.png'> <img src='C:\Users\Shweta\Thought-Frameworks\Intelehealth-Mobile-Automation - StartVisit\Screenshots\Android_Samsung\2023-12-18-11-23-07\CloseVisitsTest\IDA4_2237_verifyAboveLastSevenDaysPatientsAreDisplayedInRecentVisits.png' height='400' width='400'/> </a>]]>
  </system-out>
</testsuite> <!-- com.intelehealth.tests.CloseVisitsTest -->
