<?xml version="1.0" encoding="UTF-8"?>
<!-- Generated by org.testng.reporters.JUnitReportReporter -->
<testsuite hostname="DESKTOP-LAAIDQD" failures="0" tests="30" name="com.intelehealth.tests.AppointmentsTest" time="653.638" errors="1" timestamp="2023-12-28T10:41:14 IST" skipped="29">
  <testcase classname="com.intelehealth.tests.AppointmentsTest" name="beforeMethod" time="653.630">
    <error message="Expected condition failed: waiting for visibility of Located by By.chained({AppiumBy.accessibilityId: Splash Screen Bottom Language Panel Save Selected Language Button}) (tried for 300 second(s) with 500 milliseconds interval)" type="org.openqa.selenium.TimeoutException">
      <![CDATA[org.openqa.selenium.TimeoutException: Expected condition failed: waiting for visibility of Located by By.chained({AppiumBy.accessibilityId: Splash Screen Bottom Language Panel Save Selected Language Button}) (tried for 300 second(s) with 500 milliseconds interval)
at org.openqa.selenium.support.ui.WebDriverWait.timeoutException(WebDriverWait.java:84)
at org.openqa.selenium.support.ui.FluentWait.until(FluentWait.java:230)
at com.intelehealth.base.BaseTest.waitForVisibility(BaseTest.java:323)
at com.intelehealth.base.BaseTest.click(BaseTest.java:430)
at com.intelehealth.pages.AppSetupPage.clickOnNextButton(AppSetupPage.java:168)
at com.intelehealth.pages.AppSetupPage.completeSetup(AppSetupPage.java:291)
at com.intelehealth.tests.AppointmentsTest.beforeMethod(AppointmentsTest.java:49)
at java.base/jdk.internal.reflect.NativeMethodAccessorImpl.invoke0(Native Method)
at java.base/jdk.internal.reflect.NativeMethodAccessorImpl.invoke(NativeMethodAccessorImpl.java:77)
at java.base/jdk.internal.reflect.DelegatingMethodAccessorImpl.invoke(DelegatingMethodAccessorImpl.java:43)
at java.base/java.lang.reflect.Method.invoke(Method.java:568)
at org.testng.internal.invokers.MethodInvocationHelper.invokeMethod(MethodInvocationHelper.java:139)
at org.testng.internal.invokers.MethodInvocationHelper.invokeMethodConsideringTimeout(MethodInvocationHelper.java:69)
at org.testng.internal.invokers.ConfigInvoker.invokeConfigurationMethod(ConfigInvoker.java:390)
at org.testng.internal.invokers.ConfigInvoker.invokeConfigurations(ConfigInvoker.java:325)
at org.testng.internal.invokers.TestInvoker.runConfigMethods(TestInvoker.java:810)
at org.testng.internal.invokers.TestInvoker.invokeMethod(TestInvoker.java:577)
at org.testng.internal.invokers.TestInvoker.invokeTestMethod(TestInvoker.java:227)
at org.testng.internal.invokers.MethodRunner.runInSequence(MethodRunner.java:50)
at org.testng.internal.invokers.TestInvoker$MethodInvocationAgent.invoke(TestInvoker.java:957)
at org.testng.internal.invokers.TestInvoker.invokeTestMethods(TestInvoker.java:200)
at org.testng.internal.invokers.TestMethodWorker.invokeTestMethods(TestMethodWorker.java:148)
at org.testng.internal.invokers.TestMethodWorker.run(TestMethodWorker.java:128)
at java.base/java.util.ArrayList.forEach(ArrayList.java:1511)
at org.testng.TestRunner.privateRun(TestRunner.java:848)
at org.testng.TestRunner.run(TestRunner.java:621)
at org.testng.SuiteRunner.runTest(SuiteRunner.java:443)
at org.testng.SuiteRunner$SuiteWorker.run(SuiteRunner.java:481)
at org.testng.internal.thread.ThreadUtil.lambda$execute$0(ThreadUtil.java:58)
at java.base/java.util.concurrent.FutureTask.run(FutureTask.java:264)
at java.base/java.util.concurrent.ThreadPoolExecutor.runWorker(ThreadPoolExecutor.java:1136)
at java.base/java.util.concurrent.ThreadPoolExecutor$Worker.run(ThreadPoolExecutor.java:635)
at java.base/java.lang.Thread.run(Thread.java:833)
Caused by: org.openqa.selenium.NoSuchElementException: Can't locate an element by this strategy: By.chained({AppiumBy.accessibilityId: Splash Screen Bottom Language Panel Save Selected Language Button})
at io.appium.java_client.pagefactory.AppiumElementLocator.findElement(AppiumElementLocator.java:166)
at io.appium.java_client.pagefactory.interceptors.InterceptorOfASingleElement.call(InterceptorOfASingleElement.java:64)
at io.appium.java_client.proxy.Interceptor.intercept(Interceptor.java:78)
at org.openqa.selenium.remote.RemoteWebElement$ByteBuddy$ZRZRVhu2.isDisplayed(Unknown Source)
at org.openqa.selenium.support.ui.ExpectedConditions.elementIfVisible(ExpectedConditions.java:304)
at org.openqa.selenium.support.ui.ExpectedConditions.access$000(ExpectedConditions.java:37)
at org.openqa.selenium.support.ui.ExpectedConditions$10.apply(ExpectedConditions.java:290)
at org.openqa.selenium.support.ui.ExpectedConditions$10.apply(ExpectedConditions.java:287)
at org.openqa.selenium.support.ui.FluentWait.until(FluentWait.java:205)
... 31 more
Caused by: org.openqa.selenium.TimeoutException: Expected condition failed: waiting for io.appium.java_client.pagefactory.AppiumElementLocator$WaitingFunction@219b7409 (tried for 1 second(s) with 500 milliseconds interval)
at org.openqa.selenium.support.ui.FluentWait.timeoutException(FluentWait.java:262)
at org.openqa.selenium.support.ui.FluentWait.until(FluentWait.java:230)
at io.appium.java_client.pagefactory.AppiumElementLocator.waitFor(AppiumElementLocator.java:135)
at io.appium.java_client.pagefactory.AppiumElementLocator.findElement(AppiumElementLocator.java:160)
... 39 more
Caused by: org.openqa.selenium.NoSuchElementException: Cannot locate an element using By.chained({AppiumBy.accessibilityId: Splash Screen Bottom Language Panel Save Selected Language Button})
For documentation on this error, please visit: https://www.selenium.dev/documentation/webdriver/troubleshooting/errors#no-such-element-exception
Build info: version: '4.13.0', revision: 'ba948ece5b*'
System info: os.name: 'Windows 10', os.arch: 'amd64', os.version: '10.0', java.version: '17.0.8.1'
Driver info: driver.version: RemoteWebDriver
at io.appium.java_client.pagefactory.bys.builder.ByChained.findElement(ByChained.java:77)
at org.openqa.selenium.remote.ElementLocation$ElementFinder$1.findElement(ElementLocation.java:139)
at org.openqa.selenium.remote.ElementLocation.findElement(ElementLocation.java:59)
at org.openqa.selenium.remote.RemoteWebDriver.findElement(RemoteWebDriver.java:359)
at org.openqa.selenium.remote.RemoteWebDriver.findElement(RemoteWebDriver.java:353)
at io.appium.java_client.pagefactory.bys.ContentMappedBy.findElement(ContentMappedBy.java:53)
at org.openqa.selenium.remote.ElementLocation$ElementFinder$1.findElement(ElementLocation.java:139)
at org.openqa.selenium.remote.ElementLocation.findElement(ElementLocation.java:59)
at org.openqa.selenium.remote.RemoteWebDriver.findElement(RemoteWebDriver.java:359)
at org.openqa.selenium.remote.RemoteWebDriver.findElement(RemoteWebDriver.java:353)
at io.appium.java_client.pagefactory.AppiumElementLocator.lambda$findElement$1(AppiumElementLocator.java:160)
at io.appium.java_client.pagefactory.AppiumElementLocator$WaitingFunction.apply(AppiumElementLocator.java:217)
at io.appium.java_client.pagefactory.AppiumElementLocator$WaitingFunction.apply(AppiumElementLocator.java:210)
at org.openqa.selenium.support.ui.FluentWait.until(FluentWait.java:205)
... 41 more
]]>
    </error>
  </testcase> <!-- beforeMethod -->
  <testcase classname="com.intelehealth.tests.AppointmentsTest" name="IDA4_2397_verifyAppointmentDetailsScreenIsDisplayed" time="0.001">
    <skipped/>
  </testcase> <!-- IDA4_2397_verifyAppointmentDetailsScreenIsDisplayed -->
  <testcase classname="com.intelehealth.tests.AppointmentsTest" name="IDA4_2404_verifyOverAllTabSection" time="0.005">
    <skipped/>
  </testcase> <!-- IDA4_2404_verifyOverAllTabSection -->
  <testcase classname="com.intelehealth.tests.AppointmentsTest" name="IDA4_2406_verifySpecificRadioButtonForAppointments" time="0.000">
    <skipped/>
  </testcase> <!-- IDA4_2406_verifySpecificRadioButtonForAppointments -->
  <testcase classname="com.intelehealth.tests.AppointmentsTest" name="IDA4_2408_verifyAllTabCalenderFilter" time="0.000">
    <skipped/>
  </testcase> <!-- IDA4_2408_verifyAllTabCalenderFilter -->
  <testcase classname="com.intelehealth.tests.AppointmentsTest" name="IDA4_2374_verifyCountOfCancelledTab" time="0.000">
    <skipped/>
  </testcase> <!-- IDA4_2374_verifyCountOfCancelledTab -->
  <testcase classname="com.intelehealth.tests.AppointmentsTest" name="IDA4_2373_verifyCancelledTab" time="0.000">
    <skipped/>
  </testcase> <!-- IDA4_2373_verifyCancelledTab -->
  <testcase classname="com.intelehealth.tests.AppointmentsTest" name="IDA4_2380_verifyCancelAppointment" time="0.000">
    <skipped/>
  </testcase> <!-- IDA4_2380_verifyCancelAppointment -->
  <testcase classname="com.intelehealth.tests.AppointmentsTest" name="IDA4_2382_verifyYesButtonFunctionality" time="0.000">
    <skipped/>
  </testcase> <!-- IDA4_2382_verifyYesButtonFunctionality -->
  <testcase classname="com.intelehealth.tests.AppointmentsTest" name="IDA4_2391_verifyCompletedTabFunctionality" time="0.000">
    <skipped/>
  </testcase> <!-- IDA4_2391_verifyCompletedTabFunctionality -->
  <testcase classname="com.intelehealth.tests.AppointmentsTest" name="IDA4_2385_verifycancelAppointmentSaveButton" time="0.000">
    <skipped/>
  </testcase> <!-- IDA4_2385_verifycancelAppointmentSaveButton -->
  <testcase classname="com.intelehealth.tests.AppointmentsTest" name="IDA4_2388_verifyScheduleAppointmentScreenIsDisplayed" time="0.000">
    <skipped/>
  </testcase> <!-- IDA4_2388_verifyScheduleAppointmentScreenIsDisplayed -->
  <testcase classname="com.intelehealth.tests.AppointmentsTest" name="IDA4_2386_verifyCancelledAppointment" time="0.000">
    <skipped/>
  </testcase> <!-- IDA4_2386_verifyCancelledAppointment -->
  <testcase classname="com.intelehealth.tests.AppointmentsTest" name="IDA4_2375_verifyCancelledSection" time="0.002">
    <skipped/>
  </testcase> <!-- IDA4_2375_verifyCancelledSection -->
  <testcase classname="com.intelehealth.tests.AppointmentsTest" name="IDA4_2371_verifyRescheduledAppointmentDisplaysUnderTodaysTabOfUpcomingSection" time="0.000">
    <skipped/>
  </testcase> <!-- IDA4_2371_verifyRescheduledAppointmentDisplaysUnderTodaysTabOfUpcomingSection -->
  <testcase classname="com.intelehealth.tests.AppointmentsTest" name="IDA4_2344_verifyCancelledSectionUnderUpcomingTab">
    <skipped/>
  </testcase> <!-- IDA4_2344_verifyCancelledSectionUnderUpcomingTab -->
  <testcase classname="com.intelehealth.tests.AppointmentsTest" name="IDA4_2352_verifyThePatientVisitDetailsInUpcomingSection">
    <skipped/>
  </testcase> <!-- IDA4_2352_verifyThePatientVisitDetailsInUpcomingSection -->
  <testcase classname="com.intelehealth.tests.AppointmentsTest" name="IDA4_2361_verifyUserGetsTheSelectRescheduleReasonPopupByClickingYes">
    <skipped/>
  </testcase> <!-- IDA4_2361_verifyUserGetsTheSelectRescheduleReasonPopupByClickingYes -->
  <testcase classname="com.intelehealth.tests.AppointmentsTest" name="IDA4_2370_VerifyWhenUserClicksYesInConfirmAppointmentPopup">
    <skipped/>
  </testcase> <!-- IDA4_2370_VerifyWhenUserClicksYesInConfirmAppointmentPopup -->
  <testcase classname="com.intelehealth.tests.AppointmentsTest" name="IDA4_2368_verifyTheConfirmAppointmentPopup">
    <skipped/>
  </testcase> <!-- IDA4_2368_verifyTheConfirmAppointmentPopup -->
  <testcase classname="com.intelehealth.tests.AppointmentsTest" name="IDA4_2345_verifyCompletedSectionUnderUpcomingTab">
    <skipped/>
  </testcase> <!-- IDA4_2345_verifyCompletedSectionUnderUpcomingTab -->
  <testcase classname="com.intelehealth.tests.AppointmentsTest" name="IDA4_2346_verifyTheCountOfUpcomingTab">
    <skipped/>
  </testcase> <!-- IDA4_2346_verifyTheCountOfUpcomingTab -->
  <testcase classname="com.intelehealth.tests.AppointmentsTest" name="IDA4_2343_verifyTheFunctionalityOfUpcomingTab">
    <skipped/>
  </testcase> <!-- IDA4_2343_verifyTheFunctionalityOfUpcomingTab -->
  <testcase classname="com.intelehealth.tests.AppointmentsTest" name="IDA4_2389_verifyUserCanScheduleTheAppointmentSuccessfully">
    <skipped/>
  </testcase> <!-- IDA4_2389_verifyUserCanScheduleTheAppointmentSuccessfully -->
  <testcase classname="com.intelehealth.tests.AppointmentsTest" name="IDA4_2359_verifyTheFunctionalityOfRescheduleInAppointmentDetailsPage">
    <skipped/>
  </testcase> <!-- IDA4_2359_verifyTheFunctionalityOfRescheduleInAppointmentDetailsPage -->
  <testcase classname="com.intelehealth.tests.AppointmentsTest" name="IDA4_2341_verifyIfOnlyTodaysDateAppointmentsAreShowingUnderTodaysTab">
    <skipped/>
  </testcase> <!-- IDA4_2341_verifyIfOnlyTodaysDateAppointmentsAreShowingUnderTodaysTab -->
  <testcase classname="com.intelehealth.tests.AppointmentsTest" name="IDA4_2357_verifyUserClickingOnArrowNextToVisitSummaryOnAppointmentDetailsPage">
    <skipped/>
  </testcase> <!-- IDA4_2357_verifyUserClickingOnArrowNextToVisitSummaryOnAppointmentDetailsPage -->
  <testcase classname="com.intelehealth.tests.AppointmentsTest" name="IDA4_2364_verifyClickingOnSaveButtonBySelectingReasonInRescheduleReasonPopup">
    <skipped/>
  </testcase> <!-- IDA4_2364_verifyClickingOnSaveButtonBySelectingReasonInRescheduleReasonPopup -->
  <testcase classname="com.intelehealth.tests.AppointmentsTest" name="IDA4_2367_verifySelectingAnyTimeSlotsAndClickingOnBookAppointment">
    <skipped/>
  </testcase> <!-- IDA4_2367_verifySelectingAnyTimeSlotsAndClickingOnBookAppointment -->
  <testcase classname="com.intelehealth.tests.AppointmentsTest" name="IDA4_2356_verifyClickingOnCallAndWhatsappIconAnAppointmentDetailsPageWhenNumberIsProvided">
    <skipped/>
  </testcase> <!-- IDA4_2356_verifyClickingOnCallAndWhatsappIconAnAppointmentDetailsPageWhenNumberIsProvided -->
</testsuite> <!-- com.intelehealth.tests.AppointmentsTest -->
