<?xml version="1.0" encoding="UTF-8"?>
<!-- Generated by org.testng.reporters.JUnitReportReporter -->
<testsuite hostname="DESKTOP-LAAIDQD" failures="0" tests="4" name="com.intelehealth.tests.AppSetupTest" time="418.317" errors="1" timestamp="2023-12-18T11:55:59 IST" skipped="0">
  <testcase classname="com.intelehealth.tests.AppSetupTest" name="IDA4_1939_VerifySelectLanguage" time="36.257"/>
  <testcase classname="com.intelehealth.tests.AppSetupTest" name="IDA4_1940_VerifySkipOnTheIntroductoryScreen" time="27.764"/>
  <testcase classname="com.intelehealth.tests.AppSetupTest" name="IDA4_1943_VerifyTermsAndConditionCheckBox" time="23.551"/>
  <testcase classname="com.intelehealth.tests.AppSetupTest" name="IDA4_1941_VerifyTermsAndPrivacyPolicyScreen" time="330.745">
    <error message="Expected condition failed: waiting for visibility of Located by By.chained({AppiumBy.accessibilityId: Setup Ayu Intro Screen Accept TnC And PP TextView}) (tried for 300 second(s) with 500 milliseconds interval)" type="org.openqa.selenium.TimeoutException">
      <![CDATA[org.openqa.selenium.TimeoutException: Expected condition failed: waiting for visibility of Located by By.chained({AppiumBy.accessibilityId: Setup Ayu Intro Screen Accept TnC And PP TextView}) (tried for 300 second(s) with 500 milliseconds interval)
at org.openqa.selenium.support.ui.WebDriverWait.timeoutException(WebDriverWait.java:84)
at org.openqa.selenium.support.ui.FluentWait.until(FluentWait.java:230)
at com.intelehealth.base.BaseTest.waitForVisibility(BaseTest.java:330)
at com.intelehealth.base.BaseTest.click(BaseTest.java:364)
at com.intelehealth.pages.AppSetupPage.clickOnTermsAndCondition(AppSetupPage.java:183)
at com.intelehealth.tests.AppSetupTest.IDA4_1941_VerifyTermsAndPrivacyPolicyScreen(AppSetupTest.java:108)
at java.base/jdk.internal.reflect.NativeMethodAccessorImpl.invoke0(Native Method)
at java.base/jdk.internal.reflect.NativeMethodAccessorImpl.invoke(NativeMethodAccessorImpl.java:77)
at java.base/jdk.internal.reflect.DelegatingMethodAccessorImpl.invoke(DelegatingMethodAccessorImpl.java:43)
at java.base/java.lang.reflect.Method.invoke(Method.java:568)
at org.testng.internal.invokers.MethodInvocationHelper.invokeMethod(MethodInvocationHelper.java:139)
at org.testng.internal.invokers.TestInvoker.invokeMethod(TestInvoker.java:664)
at org.testng.internal.invokers.TestInvoker.invokeTestMethod(TestInvoker.java:227)
at org.testng.internal.invokers.MethodRunner.runInSequence(MethodRunner.java:50)
at org.testng.internal.invokers.TestInvoker$MethodInvocationAgent.invoke(TestInvoker.java:957)
at org.testng.internal.invokers.TestInvoker.invokeTestMethods(TestInvoker.java:200)
at org.testng.internal.invokers.TestMethodWorker.invokeTestMethods(TestMethodWorker.java:148)
at org.testng.internal.invokers.TestMethodWorker.run(TestMethodWorker.java:128)
at java.base/java.util.ArrayList.forEach(ArrayList.java:1511)
at org.testng.TestRunner.privateRun(TestRunner.java:848)
at org.testng.TestRunner.run(TestRunner.java:621)
at org.testng.SuiteRunner.runTest(SuiteRunner.java:443)
at org.testng.SuiteRunner$SuiteWorker.run(SuiteRunner.java:481)
at org.testng.internal.thread.ThreadUtil.lambda$execute$0(ThreadUtil.java:58)
at java.base/java.util.concurrent.FutureTask.run(FutureTask.java:264)
at java.base/java.util.concurrent.ThreadPoolExecutor.runWorker(ThreadPoolExecutor.java:1136)
at java.base/java.util.concurrent.ThreadPoolExecutor$Worker.run(ThreadPoolExecutor.java:635)
at java.base/java.lang.Thread.run(Thread.java:833)
Caused by: org.openqa.selenium.NoSuchElementException: Can't locate an element by this strategy: By.chained({AppiumBy.accessibilityId: Setup Ayu Intro Screen Accept TnC And PP TextView})
at io.appium.java_client.pagefactory.AppiumElementLocator.findElement(AppiumElementLocator.java:166)
at io.appium.java_client.pagefactory.interceptors.InterceptorOfASingleElement.call(InterceptorOfASingleElement.java:64)
at io.appium.java_client.proxy.Interceptor.intercept(Interceptor.java:78)
at org.openqa.selenium.remote.RemoteWebElement$ByteBuddy$q1pW1sbu.isDisplayed(Unknown Source)
at org.openqa.selenium.support.ui.ExpectedConditions.elementIfVisible(ExpectedConditions.java:304)
at org.openqa.selenium.support.ui.ExpectedConditions.access$000(ExpectedConditions.java:37)
at org.openqa.selenium.support.ui.ExpectedConditions$10.apply(ExpectedConditions.java:290)
at org.openqa.selenium.support.ui.ExpectedConditions$10.apply(ExpectedConditions.java:287)
at org.openqa.selenium.support.ui.FluentWait.until(FluentWait.java:205)
... 26 more
Caused by: org.openqa.selenium.TimeoutException: Expected condition failed: waiting for io.appium.java_client.pagefactory.AppiumElementLocator$WaitingFunction@55a02f63 (tried for 1 second(s) with 500 milliseconds interval)
at org.openqa.selenium.support.ui.FluentWait.timeoutException(FluentWait.java:262)
at org.openqa.selenium.support.ui.FluentWait.until(FluentWait.java:230)
at io.appium.java_client.pagefactory.AppiumElementLocator.waitFor(AppiumElementLocator.java:135)
at io.appium.java_client.pagefactory.AppiumElementLocator.findElement(AppiumElementLocator.java:160)
... 34 more
Caused by: org.openqa.selenium.NoSuchElementException: Cannot locate an element using By.chained({AppiumBy.accessibilityId: Setup Ayu Intro Screen Accept TnC And PP TextView})
For documentation on this error, please visit: https://www.selenium.dev/documentation/webdriver/troubleshooting/errors#no-such-element-exception
Build info: version: '4.13.0', revision: 'ba948ece5b*'
System info: os.name: 'Windows 10', os.arch: 'amd64', os.version: '10.0', java.version: '17.0.8.1'
Driver info: driver.version: RemoteWebDriver
at io.appium.java_client.pagefactory.bys.builder.ByChained.findElement(ByChained.java:77)
at org.openqa.selenium.remote.ElementLocation$ElementFinder$1.findElement(ElementLocation.java:139)
at org.openqa.selenium.remote.ElementLocation.findElement(ElementLocation.java:59)
at org.openqa.selenium.remote.RemoteWebDriver.findElement(RemoteWebDriver.java:359)
at org.openqa.selenium.remote.RemoteWebDriver.findElement(RemoteWebDriver.java:353)
at io.appium.java_client.pagefactory.bys.ContentMappedBy.findElement(ContentMappedBy.java:53)
at org.openqa.selenium.remote.ElementLocation$ElementFinder$1.findElement(ElementLocation.java:139)
at org.openqa.selenium.remote.ElementLocation.findElement(ElementLocation.java:59)
at org.openqa.selenium.remote.RemoteWebDriver.findElement(RemoteWebDriver.java:359)
at org.openqa.selenium.remote.RemoteWebDriver.findElement(RemoteWebDriver.java:353)
at io.appium.java_client.pagefactory.AppiumElementLocator.lambda$findElement$1(AppiumElementLocator.java:160)
at io.appium.java_client.pagefactory.AppiumElementLocator$WaitingFunction.apply(AppiumElementLocator.java:217)
at io.appium.java_client.pagefactory.AppiumElementLocator$WaitingFunction.apply(AppiumElementLocator.java:210)
at org.openqa.selenium.support.ui.FluentWait.until(FluentWait.java:205)
... 36 more
]]>
    </error>
    <system-out>
      <![CDATA[This is the sample screenshot
<a href='C:\Users\Shweta\Thought-Frameworks\Intelehealth-Mobile-Automation - StartVisit\Screenshots\Android_Samsung\2023-12-18-11-48-47\AppSetupTest\IDA4_1941_VerifyTermsAndPrivacyPolicyScreen.png'> <img src='C:\Users\Shweta\Thought-Frameworks\Intelehealth-Mobile-Automation - StartVisit\Screenshots\Android_Samsung\2023-12-18-11-48-47\AppSetupTest\IDA4_1941_VerifyTermsAndPrivacyPolicyScreen.png' height='400' width='400'/> </a>]]>
    </system-out>
  </testcase> <!-- IDA4_1941_VerifyTermsAndPrivacyPolicyScreen -->
  <system-out>
    <![CDATA[This is the sample screenshot
<a href='C:\Users\Shweta\Thought-Frameworks\Intelehealth-Mobile-Automation - StartVisit\Screenshots\Android_Samsung\2023-12-18-11-48-47\AppSetupTest\IDA4_1941_VerifyTermsAndPrivacyPolicyScreen.png'> <img src='C:\Users\Shweta\Thought-Frameworks\Intelehealth-Mobile-Automation - StartVisit\Screenshots\Android_Samsung\2023-12-18-11-48-47\AppSetupTest\IDA4_1941_VerifyTermsAndPrivacyPolicyScreen.png' height='400' width='400'/> </a>]]>
  </system-out>
</testsuite> <!-- com.intelehealth.tests.AppSetupTest -->
