<?xml version="1.0" encoding="UTF-8"?>
<!-- Generated by org.testng.reporters.JUnitReportReporter -->
<testsuite hostname="DESKTOP-LAAIDQD" failures="0" tests="15" name="com.intelehealth.tests.AddNewPatientTest" time="2853.231" errors="5" timestamp="2023-12-18T13:49:09 IST" skipped="0">
  <testcase classname="com.intelehealth.tests.AddNewPatientTest" name="IDA4_2258_verifyAcceptButtonFunctionality" time="79.147"/>
  <testcase classname="com.intelehealth.tests.AddNewPatientTest" name="IDA4_2259_verifyDeclineButtonFunctionality" time="78.891"/>
  <testcase classname="com.intelehealth.tests.AddNewPatientTest" name="IDA4_2278_verifyOkayButtonFunctionality" time="130.760"/>
  <testcase classname="com.intelehealth.tests.AddNewPatientTest" name="IDA4_2280_verifyAgeIsAutoCalculated" time="134.534">
    <error message="For input string: &quot;41 years&quot;" type="java.lang.NumberFormatException">
      <![CDATA[java.lang.NumberFormatException: For input string: "41 years"
at java.base/java.lang.NumberFormatException.forInputString(NumberFormatException.java:67)
at java.base/java.lang.Integer.parseInt(Integer.java:668)
at java.base/java.lang.Integer.parseInt(Integer.java:786)
at com.intelehealth.pages.AddNewPatientPage.verifyAge(AddNewPatientPage.java:387)
at com.intelehealth.tests.AddNewPatientTest.IDA4_2280_verifyAgeIsAutoCalculated(AddNewPatientTest.java:166)
at java.base/jdk.internal.reflect.NativeMethodAccessorImpl.invoke0(Native Method)
at java.base/jdk.internal.reflect.NativeMethodAccessorImpl.invoke(NativeMethodAccessorImpl.java:77)
at java.base/jdk.internal.reflect.DelegatingMethodAccessorImpl.invoke(DelegatingMethodAccessorImpl.java:43)
at java.base/java.lang.reflect.Method.invoke(Method.java:568)
at org.testng.internal.invokers.MethodInvocationHelper.invokeMethod(MethodInvocationHelper.java:139)
at org.testng.internal.invokers.TestInvoker.invokeMethod(TestInvoker.java:664)
at org.testng.internal.invokers.TestInvoker.invokeTestMethod(TestInvoker.java:227)
at org.testng.internal.invokers.MethodRunner.runInSequence(MethodRunner.java:50)
at org.testng.internal.invokers.TestInvoker$MethodInvocationAgent.invoke(TestInvoker.java:957)
at org.testng.internal.invokers.TestInvoker.invokeTestMethods(TestInvoker.java:200)
at org.testng.internal.invokers.TestMethodWorker.invokeTestMethods(TestMethodWorker.java:148)
at org.testng.internal.invokers.TestMethodWorker.run(TestMethodWorker.java:128)
at java.base/java.util.ArrayList.forEach(ArrayList.java:1511)
at org.testng.TestRunner.privateRun(TestRunner.java:848)
at org.testng.TestRunner.run(TestRunner.java:621)
at org.testng.SuiteRunner.runTest(SuiteRunner.java:443)
at org.testng.SuiteRunner$SuiteWorker.run(SuiteRunner.java:481)
at org.testng.internal.thread.ThreadUtil.lambda$execute$0(ThreadUtil.java:58)
at java.base/java.util.concurrent.FutureTask.run(FutureTask.java:264)
at java.base/java.util.concurrent.ThreadPoolExecutor.runWorker(ThreadPoolExecutor.java:1136)
at java.base/java.util.concurrent.ThreadPoolExecutor$Worker.run(ThreadPoolExecutor.java:635)
at java.base/java.lang.Thread.run(Thread.java:833)
]]>
    </error>
    <system-out>
      <![CDATA[This is the sample screenshot
<a href='C:\Users\Shweta\Thought-Frameworks\Intelehealth-Mobile-Automation - StartVisit\Screenshots\Android_Samsung\2023-12-18-13-01-21\AddNewPatientTest\IDA4_2280_verifyAgeIsAutoCalculated.png'> <img src='C:\Users\Shweta\Thought-Frameworks\Intelehealth-Mobile-Automation - StartVisit\Screenshots\Android_Samsung\2023-12-18-13-01-21\AddNewPatientTest\IDA4_2280_verifyAgeIsAutoCalculated.png' height='400' width='400'/> </a>]]>
    </system-out>
  </testcase> <!-- IDA4_2280_verifyAgeIsAutoCalculated -->
  <testcase classname="com.intelehealth.tests.AddNewPatientTest" name="IDA4_2283_VerifyNextButtonFuntionality" time="126.599"/>
  <testcase classname="com.intelehealth.tests.AddNewPatientTest" name="IDA4_2295_VerifyNextButtonFunctionalityOnAddressScreen" time="150.521"/>
  <testcase classname="com.intelehealth.tests.AddNewPatientTest" name="IDA4_2309_VerifyChangeOptionForPersonalDetails" time="463.372">
    <error message="Expected condition failed: waiting for visibility of Located by By.chained({AppiumBy.accessibilityId: Identification Third Screen National ID EditText}) (tried for 300 second(s) with 500 milliseconds interval)" type="org.openqa.selenium.TimeoutException">
      <![CDATA[org.openqa.selenium.TimeoutException: Expected condition failed: waiting for visibility of Located by By.chained({AppiumBy.accessibilityId: Identification Third Screen National ID EditText}) (tried for 300 second(s) with 500 milliseconds interval)
at org.openqa.selenium.support.ui.WebDriverWait.timeoutException(WebDriverWait.java:84)
at org.openqa.selenium.support.ui.FluentWait.until(FluentWait.java:230)
at com.intelehealth.base.BaseTest.waitForVisibility(BaseTest.java:330)
at com.intelehealth.base.BaseTest.sendKeys(BaseTest.java:371)
at com.intelehealth.pages.AddNewPatientPage.enterOtherDetails(AddNewPatientPage.java:508)
at com.intelehealth.tests.AddNewPatientTest.IDA4_2309_VerifyChangeOptionForPersonalDetails(AddNewPatientTest.java:336)
at java.base/jdk.internal.reflect.NativeMethodAccessorImpl.invoke0(Native Method)
at java.base/jdk.internal.reflect.NativeMethodAccessorImpl.invoke(NativeMethodAccessorImpl.java:77)
at java.base/jdk.internal.reflect.DelegatingMethodAccessorImpl.invoke(DelegatingMethodAccessorImpl.java:43)
at java.base/java.lang.reflect.Method.invoke(Method.java:568)
at org.testng.internal.invokers.MethodInvocationHelper.invokeMethod(MethodInvocationHelper.java:139)
at org.testng.internal.invokers.TestInvoker.invokeMethod(TestInvoker.java:664)
at org.testng.internal.invokers.TestInvoker.invokeTestMethod(TestInvoker.java:227)
at org.testng.internal.invokers.MethodRunner.runInSequence(MethodRunner.java:50)
at org.testng.internal.invokers.TestInvoker$MethodInvocationAgent.invoke(TestInvoker.java:957)
at org.testng.internal.invokers.TestInvoker.invokeTestMethods(TestInvoker.java:200)
at org.testng.internal.invokers.TestMethodWorker.invokeTestMethods(TestMethodWorker.java:148)
at org.testng.internal.invokers.TestMethodWorker.run(TestMethodWorker.java:128)
at java.base/java.util.ArrayList.forEach(ArrayList.java:1511)
at org.testng.TestRunner.privateRun(TestRunner.java:848)
at org.testng.TestRunner.run(TestRunner.java:621)
at org.testng.SuiteRunner.runTest(SuiteRunner.java:443)
at org.testng.SuiteRunner$SuiteWorker.run(SuiteRunner.java:481)
at org.testng.internal.thread.ThreadUtil.lambda$execute$0(ThreadUtil.java:58)
at java.base/java.util.concurrent.FutureTask.run(FutureTask.java:264)
at java.base/java.util.concurrent.ThreadPoolExecutor.runWorker(ThreadPoolExecutor.java:1136)
at java.base/java.util.concurrent.ThreadPoolExecutor$Worker.run(ThreadPoolExecutor.java:635)
at java.base/java.lang.Thread.run(Thread.java:833)
Caused by: org.openqa.selenium.NoSuchElementException: Can't locate an element by this strategy: By.chained({AppiumBy.accessibilityId: Identification Third Screen National ID EditText})
at io.appium.java_client.pagefactory.AppiumElementLocator.findElement(AppiumElementLocator.java:166)
at io.appium.java_client.pagefactory.interceptors.InterceptorOfASingleElement.call(InterceptorOfASingleElement.java:64)
at io.appium.java_client.proxy.Interceptor.intercept(Interceptor.java:78)
at org.openqa.selenium.remote.RemoteWebElement$ByteBuddy$TT8LUpuP.isDisplayed(Unknown Source)
at org.openqa.selenium.support.ui.ExpectedConditions.elementIfVisible(ExpectedConditions.java:304)
at org.openqa.selenium.support.ui.ExpectedConditions.access$000(ExpectedConditions.java:37)
at org.openqa.selenium.support.ui.ExpectedConditions$10.apply(ExpectedConditions.java:290)
at org.openqa.selenium.support.ui.ExpectedConditions$10.apply(ExpectedConditions.java:287)
at org.openqa.selenium.support.ui.FluentWait.until(FluentWait.java:205)
... 26 more
Caused by: org.openqa.selenium.TimeoutException: Expected condition failed: waiting for io.appium.java_client.pagefactory.AppiumElementLocator$WaitingFunction@548fc0b1 (tried for 1 second(s) with 500 milliseconds interval)
at org.openqa.selenium.support.ui.FluentWait.timeoutException(FluentWait.java:262)
at org.openqa.selenium.support.ui.FluentWait.until(FluentWait.java:230)
at io.appium.java_client.pagefactory.AppiumElementLocator.waitFor(AppiumElementLocator.java:135)
at io.appium.java_client.pagefactory.AppiumElementLocator.findElement(AppiumElementLocator.java:160)
... 34 more
Caused by: org.openqa.selenium.NoSuchElementException: Cannot locate an element using By.chained({AppiumBy.accessibilityId: Identification Third Screen National ID EditText})
For documentation on this error, please visit: https://www.selenium.dev/documentation/webdriver/troubleshooting/errors#no-such-element-exception
Build info: version: '4.13.0', revision: 'ba948ece5b*'
System info: os.name: 'Windows 10', os.arch: 'amd64', os.version: '10.0', java.version: '17.0.8.1'
Driver info: driver.version: RemoteWebDriver
at io.appium.java_client.pagefactory.bys.builder.ByChained.findElement(ByChained.java:77)
at org.openqa.selenium.remote.ElementLocation$ElementFinder$1.findElement(ElementLocation.java:139)
at org.openqa.selenium.remote.ElementLocation.findElement(ElementLocation.java:59)
at org.openqa.selenium.remote.RemoteWebDriver.findElement(RemoteWebDriver.java:359)
at org.openqa.selenium.remote.RemoteWebDriver.findElement(RemoteWebDriver.java:353)
at io.appium.java_client.pagefactory.bys.ContentMappedBy.findElement(ContentMappedBy.java:53)
at org.openqa.selenium.remote.ElementLocation$ElementFinder$1.findElement(ElementLocation.java:139)
at org.openqa.selenium.remote.ElementLocation.findElement(ElementLocation.java:59)
at org.openqa.selenium.remote.RemoteWebDriver.findElement(RemoteWebDriver.java:359)
at org.openqa.selenium.remote.RemoteWebDriver.findElement(RemoteWebDriver.java:353)
at io.appium.java_client.pagefactory.AppiumElementLocator.lambda$findElement$1(AppiumElementLocator.java:160)
at io.appium.java_client.pagefactory.AppiumElementLocator$WaitingFunction.apply(AppiumElementLocator.java:217)
at io.appium.java_client.pagefactory.AppiumElementLocator$WaitingFunction.apply(AppiumElementLocator.java:210)
at org.openqa.selenium.support.ui.FluentWait.until(FluentWait.java:205)
... 36 more
]]>
    </error>
    <system-out>
      <![CDATA[This is the sample screenshot
<a href='C:\Users\Shweta\Thought-Frameworks\Intelehealth-Mobile-Automation - StartVisit\Screenshots\Android_Samsung\2023-12-18-13-01-21\AddNewPatientTest\IDA4_2309_VerifyChangeOptionForPersonalDetails.png'> <img src='C:\Users\Shweta\Thought-Frameworks\Intelehealth-Mobile-Automation - StartVisit\Screenshots\Android_Samsung\2023-12-18-13-01-21\AddNewPatientTest\IDA4_2309_VerifyChangeOptionForPersonalDetails.png' height='400' width='400'/> </a>]]>
    </system-out>
  </testcase> <!-- IDA4_2309_VerifyChangeOptionForPersonalDetails -->
  <testcase classname="com.intelehealth.tests.AddNewPatientTest" name="IDA4_2310_verifyPersonalDetailsUpdation" time="180.065"/>
  <testcase classname="com.intelehealth.tests.AddNewPatientTest" name="IDA4_2311_verifyChangeOptionForAddressDetails" time="189.856"/>
  <testcase classname="com.intelehealth.tests.AddNewPatientTest" name="IDA4_2312_verifyAddressDetailsUpdation" time="178.424">
    <error message="JSONObject[&quot;pincode1&quot;] not found." type="org.json.JSONException">
      <![CDATA[org.json.JSONException: JSONObject["pincode1"] not found.
at org.json.JSONObject.get(JSONObject.java:570)
at org.json.JSONObject.getString(JSONObject.java:857)
at com.intelehealth.tests.AddNewPatientTest.IDA4_2312_verifyAddressDetailsUpdation(AddNewPatientTest.java:643)
at java.base/jdk.internal.reflect.NativeMethodAccessorImpl.invoke0(Native Method)
at java.base/jdk.internal.reflect.NativeMethodAccessorImpl.invoke(NativeMethodAccessorImpl.java:77)
at java.base/jdk.internal.reflect.DelegatingMethodAccessorImpl.invoke(DelegatingMethodAccessorImpl.java:43)
at java.base/java.lang.reflect.Method.invoke(Method.java:568)
at org.testng.internal.invokers.MethodInvocationHelper.invokeMethod(MethodInvocationHelper.java:139)
at org.testng.internal.invokers.TestInvoker.invokeMethod(TestInvoker.java:664)
at org.testng.internal.invokers.TestInvoker.invokeTestMethod(TestInvoker.java:227)
at org.testng.internal.invokers.MethodRunner.runInSequence(MethodRunner.java:50)
at org.testng.internal.invokers.TestInvoker$MethodInvocationAgent.invoke(TestInvoker.java:957)
at org.testng.internal.invokers.TestInvoker.invokeTestMethods(TestInvoker.java:200)
at org.testng.internal.invokers.TestMethodWorker.invokeTestMethods(TestMethodWorker.java:148)
at org.testng.internal.invokers.TestMethodWorker.run(TestMethodWorker.java:128)
at java.base/java.util.ArrayList.forEach(ArrayList.java:1511)
at org.testng.TestRunner.privateRun(TestRunner.java:848)
at org.testng.TestRunner.run(TestRunner.java:621)
at org.testng.SuiteRunner.runTest(SuiteRunner.java:443)
at org.testng.SuiteRunner$SuiteWorker.run(SuiteRunner.java:481)
at org.testng.internal.thread.ThreadUtil.lambda$execute$0(ThreadUtil.java:58)
at java.base/java.util.concurrent.FutureTask.run(FutureTask.java:264)
at java.base/java.util.concurrent.ThreadPoolExecutor.runWorker(ThreadPoolExecutor.java:1136)
at java.base/java.util.concurrent.ThreadPoolExecutor$Worker.run(ThreadPoolExecutor.java:635)
at java.base/java.lang.Thread.run(Thread.java:833)
]]>
    </error>
    <system-out>
      <![CDATA[This is the sample screenshot
<a href='C:\Users\Shweta\Thought-Frameworks\Intelehealth-Mobile-Automation - StartVisit\Screenshots\Android_Samsung\2023-12-18-13-01-21\AddNewPatientTest\IDA4_2312_verifyAddressDetailsUpdation.png'> <img src='C:\Users\Shweta\Thought-Frameworks\Intelehealth-Mobile-Automation - StartVisit\Screenshots\Android_Samsung\2023-12-18-13-01-21\AddNewPatientTest\IDA4_2312_verifyAddressDetailsUpdation.png' height='400' width='400'/> </a>]]>
    </system-out>
  </testcase> <!-- IDA4_2312_verifyAddressDetailsUpdation -->
  <testcase classname="com.intelehealth.tests.AddNewPatientTest" name="IDA4_2313_verifyChangeOptionForAOtherDetailsScreen" time="175.965"/>
  <testcase classname="com.intelehealth.tests.AddNewPatientTest" name="IDA4_2314_VerifyUpdatedOtherDetails" time="188.453"/>
  <testcase classname="com.intelehealth.tests.AddNewPatientTest" name="IDA4_2314_VerifyStartVisitButtonFunctionality" time="177.829"/>
  <testcase classname="com.intelehealth.tests.AddNewPatientTest" name="verifyContinueButtonFuntionality" time="491.359">
    <error message="Expected condition failed: waiting for visibility of Located by By.chained({AppiumBy.accessibilityId: Visit Creation Subtitle TextView-vitals}) (tried for 300 second(s) with 500 milliseconds interval)" type="org.openqa.selenium.TimeoutException">
      <![CDATA[org.openqa.selenium.TimeoutException: Expected condition failed: waiting for visibility of Located by By.chained({AppiumBy.accessibilityId: Visit Creation Subtitle TextView-vitals}) (tried for 300 second(s) with 500 milliseconds interval)
at org.openqa.selenium.support.ui.WebDriverWait.timeoutException(WebDriverWait.java:84)
at org.openqa.selenium.support.ui.FluentWait.until(FluentWait.java:230)
at com.intelehealth.base.BaseTest.waitForVisibility(BaseTest.java:330)
at com.intelehealth.base.BaseTest.isDisplayed(BaseTest.java:343)
at com.intelehealth.pages.AddNewPatientPage.verifyVitalsScreenIsDisplayed(AddNewPatientPage.java:641)
at com.intelehealth.tests.AddNewPatientTest.verifyContinueButtonFuntionality(AddNewPatientTest.java:918)
at java.base/jdk.internal.reflect.NativeMethodAccessorImpl.invoke0(Native Method)
at java.base/jdk.internal.reflect.NativeMethodAccessorImpl.invoke(NativeMethodAccessorImpl.java:77)
at java.base/jdk.internal.reflect.DelegatingMethodAccessorImpl.invoke(DelegatingMethodAccessorImpl.java:43)
at java.base/java.lang.reflect.Method.invoke(Method.java:568)
at org.testng.internal.invokers.MethodInvocationHelper.invokeMethod(MethodInvocationHelper.java:139)
at org.testng.internal.invokers.TestInvoker.invokeMethod(TestInvoker.java:664)
at org.testng.internal.invokers.TestInvoker.invokeTestMethod(TestInvoker.java:227)
at org.testng.internal.invokers.MethodRunner.runInSequence(MethodRunner.java:50)
at org.testng.internal.invokers.TestInvoker$MethodInvocationAgent.invoke(TestInvoker.java:957)
at org.testng.internal.invokers.TestInvoker.invokeTestMethods(TestInvoker.java:200)
at org.testng.internal.invokers.TestMethodWorker.invokeTestMethods(TestMethodWorker.java:148)
at org.testng.internal.invokers.TestMethodWorker.run(TestMethodWorker.java:128)
at java.base/java.util.ArrayList.forEach(ArrayList.java:1511)
at org.testng.TestRunner.privateRun(TestRunner.java:848)
at org.testng.TestRunner.run(TestRunner.java:621)
at org.testng.SuiteRunner.runTest(SuiteRunner.java:443)
at org.testng.SuiteRunner$SuiteWorker.run(SuiteRunner.java:481)
at org.testng.internal.thread.ThreadUtil.lambda$execute$0(ThreadUtil.java:58)
at java.base/java.util.concurrent.FutureTask.run(FutureTask.java:264)
at java.base/java.util.concurrent.ThreadPoolExecutor.runWorker(ThreadPoolExecutor.java:1136)
at java.base/java.util.concurrent.ThreadPoolExecutor$Worker.run(ThreadPoolExecutor.java:635)
at java.base/java.lang.Thread.run(Thread.java:833)
Caused by: org.openqa.selenium.NoSuchElementException: Can't locate an element by this strategy: By.chained({AppiumBy.accessibilityId: Visit Creation Subtitle TextView-vitals})
at io.appium.java_client.pagefactory.AppiumElementLocator.findElement(AppiumElementLocator.java:166)
at io.appium.java_client.pagefactory.interceptors.InterceptorOfASingleElement.call(InterceptorOfASingleElement.java:64)
at io.appium.java_client.proxy.Interceptor.intercept(Interceptor.java:78)
at org.openqa.selenium.remote.RemoteWebElement$ByteBuddy$ZNjxj3GL.isDisplayed(Unknown Source)
at org.openqa.selenium.support.ui.ExpectedConditions.elementIfVisible(ExpectedConditions.java:304)
at org.openqa.selenium.support.ui.ExpectedConditions.access$000(ExpectedConditions.java:37)
at org.openqa.selenium.support.ui.ExpectedConditions$10.apply(ExpectedConditions.java:290)
at org.openqa.selenium.support.ui.ExpectedConditions$10.apply(ExpectedConditions.java:287)
at org.openqa.selenium.support.ui.FluentWait.until(FluentWait.java:205)
... 26 more
Caused by: org.openqa.selenium.TimeoutException: Expected condition failed: waiting for io.appium.java_client.pagefactory.AppiumElementLocator$WaitingFunction@463589ac (tried for 1 second(s) with 500 milliseconds interval)
at org.openqa.selenium.support.ui.FluentWait.timeoutException(FluentWait.java:262)
at org.openqa.selenium.support.ui.FluentWait.until(FluentWait.java:230)
at io.appium.java_client.pagefactory.AppiumElementLocator.waitFor(AppiumElementLocator.java:135)
at io.appium.java_client.pagefactory.AppiumElementLocator.findElement(AppiumElementLocator.java:160)
... 34 more
Caused by: org.openqa.selenium.NoSuchElementException: Cannot locate an element using By.chained({AppiumBy.accessibilityId: Visit Creation Subtitle TextView-vitals})
For documentation on this error, please visit: https://www.selenium.dev/documentation/webdriver/troubleshooting/errors#no-such-element-exception
Build info: version: '4.13.0', revision: 'ba948ece5b*'
System info: os.name: 'Windows 10', os.arch: 'amd64', os.version: '10.0', java.version: '17.0.8.1'
Driver info: driver.version: RemoteWebDriver
at io.appium.java_client.pagefactory.bys.builder.ByChained.findElement(ByChained.java:77)
at org.openqa.selenium.remote.ElementLocation$ElementFinder$1.findElement(ElementLocation.java:139)
at org.openqa.selenium.remote.ElementLocation.findElement(ElementLocation.java:59)
at org.openqa.selenium.remote.RemoteWebDriver.findElement(RemoteWebDriver.java:359)
at org.openqa.selenium.remote.RemoteWebDriver.findElement(RemoteWebDriver.java:353)
at io.appium.java_client.pagefactory.bys.ContentMappedBy.findElement(ContentMappedBy.java:53)
at org.openqa.selenium.remote.ElementLocation$ElementFinder$1.findElement(ElementLocation.java:139)
at org.openqa.selenium.remote.ElementLocation.findElement(ElementLocation.java:59)
at org.openqa.selenium.remote.RemoteWebDriver.findElement(RemoteWebDriver.java:359)
at org.openqa.selenium.remote.RemoteWebDriver.findElement(RemoteWebDriver.java:353)
at io.appium.java_client.pagefactory.AppiumElementLocator.lambda$findElement$1(AppiumElementLocator.java:160)
at io.appium.java_client.pagefactory.AppiumElementLocator$WaitingFunction.apply(AppiumElementLocator.java:217)
at io.appium.java_client.pagefactory.AppiumElementLocator$WaitingFunction.apply(AppiumElementLocator.java:210)
at org.openqa.selenium.support.ui.FluentWait.until(FluentWait.java:205)
... 36 more
]]>
    </error>
    <system-out>
      <![CDATA[This is the sample screenshot
<a href='C:\Users\Shweta\Thought-Frameworks\Intelehealth-Mobile-Automation - StartVisit\Screenshots\Android_Samsung\2023-12-18-13-01-21\AddNewPatientTest\verifyContinueButtonFuntionality.png'> <img src='C:\Users\Shweta\Thought-Frameworks\Intelehealth-Mobile-Automation - StartVisit\Screenshots\Android_Samsung\2023-12-18-13-01-21\AddNewPatientTest\verifyContinueButtonFuntionality.png' height='400' width='400'/> </a>]]>
    </system-out>
  </testcase> <!-- verifyContinueButtonFuntionality -->
  <testcase classname="com.intelehealth.tests.AddNewPatientTest" name="IDA4_2321_VerifyPastVisitScreen" time="107.456">
    <error message="An element could not be located on the page using the given search parameters.
For documentation on this error, please visit: https://www.selenium.dev/documentation/webdriver/troubleshooting/errors#no-such-element-exception
Build info: version: &#039;4.13.0&#039;, revision: &#039;ba948ece5b*&#039;
System info: os.name: &#039;Windows 10&#039;, os.arch: &#039;amd64&#039;, os.version: &#039;10.0&#039;, java.version: &#039;17.0.8.1&#039;
Driver info: io.appium.java_client.android.AndroidDriver
Command: [27e9ba33-ec97-429e-ba1f-b8432c7fcbd5, findElement {using=-android uiautomator, value=new UiScrollable(new UiSelector().scrollable(true).instance(0)).scrollIntoView(new UiSelector().textContains(&quot;Prescription received&quot;).instance(0))}]
Capabilities {appium:automationName: UiAutomator2, appium:avd: Samsung, appium:avdLaunchTimeout: 120000, appium:databaseEnabled: false, appium:desired: {automationName: UiAutomator2, avd: Samsung, avdLaunchTimeout: 120000, deviceName: Samsung, platformName: ANDROID, systemPort: 10000, udid: emulator-5554}, appium:deviceApiLevel: 31, appium:deviceManufacturer: Google, appium:deviceModel: sdk_gphone64_x86_64, appium:deviceName: emulator-5554, appium:deviceScreenDensity: 440, appium:deviceScreenSize: 1080x2340, appium:deviceUDID: emulator-5554, appium:javascriptEnabled: true, appium:locationContextEnabled: false, appium:networkConnectionEnabled: true, appium:pixelRatio: 2.75, appium:platformVersion: 12, appium:statBarHeight: 66, appium:systemPort: 10000, appium:takesScreenshot: true, appium:udid: emulator-5554, appium:viewportRect: {height: 2142, left: 0, top: 66, width: 1080}, appium:warnings: {}, appium:webStorageEnabled: false, platformName: ANDROID}
Session ID: 27e9ba33-ec97-429e-ba1f-b8432c7fcbd5" type="org.openqa.selenium.NoSuchElementException">
      <![CDATA[org.openqa.selenium.NoSuchElementException: An element could not be located on the page using the given search parameters.
For documentation on this error, please visit: https://www.selenium.dev/documentation/webdriver/troubleshooting/errors#no-such-element-exception
Build info: version: '4.13.0', revision: 'ba948ece5b*'
System info: os.name: 'Windows 10', os.arch: 'amd64', os.version: '10.0', java.version: '17.0.8.1'
Driver info: io.appium.java_client.android.AndroidDriver
Command: [27e9ba33-ec97-429e-ba1f-b8432c7fcbd5, findElement {using=-android uiautomator, value=new UiScrollable(new UiSelector().scrollable(true).instance(0)).scrollIntoView(new UiSelector().textContains("Prescription received").instance(0))}]
Capabilities {appium:automationName: UiAutomator2, appium:avd: Samsung, appium:avdLaunchTimeout: 120000, appium:databaseEnabled: false, appium:desired: {automationName: UiAutomator2, avd: Samsung, avdLaunchTimeout: 120000, deviceName: Samsung, platformName: ANDROID, systemPort: 10000, udid: emulator-5554}, appium:deviceApiLevel: 31, appium:deviceManufacturer: Google, appium:deviceModel: sdk_gphone64_x86_64, appium:deviceName: emulator-5554, appium:deviceScreenDensity: 440, appium:deviceScreenSize: 1080x2340, appium:deviceUDID: emulator-5554, appium:javascriptEnabled: true, appium:locationContextEnabled: false, appium:networkConnectionEnabled: true, appium:pixelRatio: 2.75, appium:platformVersion: 12, appium:statBarHeight: 66, appium:systemPort: 10000, appium:takesScreenshot: true, appium:udid: emulator-5554, appium:viewportRect: {height: 2142, left: 0, top: 66, width: 1080}, appium:warnings: {}, appium:webStorageEnabled: false, platformName: ANDROID}
Session ID: 27e9ba33-ec97-429e-ba1f-b8432c7fcbd5
at jdk.internal.reflect.GeneratedConstructorAccessor29.newInstance(Unknown Source)
at java.base/jdk.internal.reflect.DelegatingConstructorAccessorImpl.newInstance(DelegatingConstructorAccessorImpl.java:45)
at java.base/java.lang.reflect.Constructor.newInstanceWithCaller(Constructor.java:499)
at java.base/java.lang.reflect.Constructor.newInstance(Constructor.java:480)
at org.openqa.selenium.remote.codec.w3c.W3CHttpResponseCodec.createException(W3CHttpResponseCodec.java:200)
at org.openqa.selenium.remote.codec.w3c.W3CHttpResponseCodec.decode(W3CHttpResponseCodec.java:133)
at org.openqa.selenium.remote.codec.w3c.W3CHttpResponseCodec.decode(W3CHttpResponseCodec.java:52)
at org.openqa.selenium.remote.HttpCommandExecutor.execute(HttpCommandExecutor.java:191)
at io.appium.java_client.remote.AppiumCommandExecutor.execute(AppiumCommandExecutor.java:250)
at org.openqa.selenium.remote.RemoteWebDriver.execute(RemoteWebDriver.java:602)
at org.openqa.selenium.remote.ElementLocation$ElementFinder$2.findElement(ElementLocation.java:165)
at org.openqa.selenium.remote.ElementLocation.findElement(ElementLocation.java:59)
at org.openqa.selenium.remote.RemoteWebDriver.findElement(RemoteWebDriver.java:359)
at org.openqa.selenium.remote.RemoteWebDriver.findElement(RemoteWebDriver.java:353)
at com.intelehealth.pages.AddNewPatientPage.scrollToViewPrescriptionReceived(AddNewPatientPage.java:452)
at com.intelehealth.tests.AddNewPatientTest.IDA4_2321_VerifyPastVisitScreen(AddNewPatientTest.java:931)
at java.base/jdk.internal.reflect.NativeMethodAccessorImpl.invoke0(Native Method)
at java.base/jdk.internal.reflect.NativeMethodAccessorImpl.invoke(NativeMethodAccessorImpl.java:77)
at java.base/jdk.internal.reflect.DelegatingMethodAccessorImpl.invoke(DelegatingMethodAccessorImpl.java:43)
at java.base/java.lang.reflect.Method.invoke(Method.java:568)
at org.testng.internal.invokers.MethodInvocationHelper.invokeMethod(MethodInvocationHelper.java:139)
at org.testng.internal.invokers.TestInvoker.invokeMethod(TestInvoker.java:664)
at org.testng.internal.invokers.TestInvoker.invokeTestMethod(TestInvoker.java:227)
at org.testng.internal.invokers.MethodRunner.runInSequence(MethodRunner.java:50)
at org.testng.internal.invokers.TestInvoker$MethodInvocationAgent.invoke(TestInvoker.java:957)
at org.testng.internal.invokers.TestInvoker.invokeTestMethods(TestInvoker.java:200)
at org.testng.internal.invokers.TestMethodWorker.invokeTestMethods(TestMethodWorker.java:148)
at org.testng.internal.invokers.TestMethodWorker.run(TestMethodWorker.java:128)
at java.base/java.util.ArrayList.forEach(ArrayList.java:1511)
at org.testng.TestRunner.privateRun(TestRunner.java:848)
at org.testng.TestRunner.run(TestRunner.java:621)
at org.testng.SuiteRunner.runTest(SuiteRunner.java:443)
at org.testng.SuiteRunner$SuiteWorker.run(SuiteRunner.java:481)
at org.testng.internal.thread.ThreadUtil.lambda$execute$0(ThreadUtil.java:58)
at java.base/java.util.concurrent.FutureTask.run(FutureTask.java:264)
at java.base/java.util.concurrent.ThreadPoolExecutor.runWorker(ThreadPoolExecutor.java:1136)
at java.base/java.util.concurrent.ThreadPoolExecutor$Worker.run(ThreadPoolExecutor.java:635)
at java.base/java.lang.Thread.run(Thread.java:833)
]]>
    </error>
    <system-out>
      <![CDATA[This is the sample screenshot
<a href='C:\Users\Shweta\Thought-Frameworks\Intelehealth-Mobile-Automation - StartVisit\Screenshots\Android_Samsung\2023-12-18-13-01-21\AddNewPatientTest\IDA4_2321_VerifyPastVisitScreen.png'> <img src='C:\Users\Shweta\Thought-Frameworks\Intelehealth-Mobile-Automation - StartVisit\Screenshots\Android_Samsung\2023-12-18-13-01-21\AddNewPatientTest\IDA4_2321_VerifyPastVisitScreen.png' height='400' width='400'/> </a>]]>
    </system-out>
  </testcase> <!-- IDA4_2321_VerifyPastVisitScreen -->
  <system-out>
    <![CDATA[This is the sample screenshot
<a href='C:\Users\Shweta\Thought-Frameworks\Intelehealth-Mobile-Automation - StartVisit\Screenshots\Android_Samsung\2023-12-18-13-01-21\AddNewPatientTest\IDA4_2280_verifyAgeIsAutoCalculated.png'> <img src='C:\Users\Shweta\Thought-Frameworks\Intelehealth-Mobile-Automation - StartVisit\Screenshots\Android_Samsung\2023-12-18-13-01-21\AddNewPatientTest\IDA4_2280_verifyAgeIsAutoCalculated.png' height='400' width='400'/> </a>
This is the sample screenshot
<a href='C:\Users\Shweta\Thought-Frameworks\Intelehealth-Mobile-Automation - StartVisit\Screenshots\Android_Samsung\2023-12-18-13-01-21\AddNewPatientTest\IDA4_2309_VerifyChangeOptionForPersonalDetails.png'> <img src='C:\Users\Shweta\Thought-Frameworks\Intelehealth-Mobile-Automation - StartVisit\Screenshots\Android_Samsung\2023-12-18-13-01-21\AddNewPatientTest\IDA4_2309_VerifyChangeOptionForPersonalDetails.png' height='400' width='400'/> </a>
This is the sample screenshot
<a href='C:\Users\Shweta\Thought-Frameworks\Intelehealth-Mobile-Automation - StartVisit\Screenshots\Android_Samsung\2023-12-18-13-01-21\AddNewPatientTest\IDA4_2312_verifyAddressDetailsUpdation.png'> <img src='C:\Users\Shweta\Thought-Frameworks\Intelehealth-Mobile-Automation - StartVisit\Screenshots\Android_Samsung\2023-12-18-13-01-21\AddNewPatientTest\IDA4_2312_verifyAddressDetailsUpdation.png' height='400' width='400'/> </a>
This is the sample screenshot
<a href='C:\Users\Shweta\Thought-Frameworks\Intelehealth-Mobile-Automation - StartVisit\Screenshots\Android_Samsung\2023-12-18-13-01-21\AddNewPatientTest\verifyContinueButtonFuntionality.png'> <img src='C:\Users\Shweta\Thought-Frameworks\Intelehealth-Mobile-Automation - StartVisit\Screenshots\Android_Samsung\2023-12-18-13-01-21\AddNewPatientTest\verifyContinueButtonFuntionality.png' height='400' width='400'/> </a>
This is the sample screenshot
<a href='C:\Users\Shweta\Thought-Frameworks\Intelehealth-Mobile-Automation - StartVisit\Screenshots\Android_Samsung\2023-12-18-13-01-21\AddNewPatientTest\IDA4_2321_VerifyPastVisitScreen.png'> <img src='C:\Users\Shweta\Thought-Frameworks\Intelehealth-Mobile-Automation - StartVisit\Screenshots\Android_Samsung\2023-12-18-13-01-21\AddNewPatientTest\IDA4_2321_VerifyPastVisitScreen.png' height='400' width='400'/> </a>]]>
  </system-out>
</testsuite> <!-- com.intelehealth.tests.AddNewPatientTest -->
