<?xml version="1.0" encoding="UTF-8"?>
<!-- Generated by org.testng.reporters.JUnitReportReporter -->
<testsuite hostname="DESKTOP-LAAIDQD" failures="0" tests="21" name="com.intelehealth.tests.PrescriptionsTest" time="20.369" errors="1" timestamp="2023-12-13T13:02:53 IST" skipped="20">
  <testcase classname="com.intelehealth.tests.PrescriptionsTest" name="beforeSuite" time="20.367">
    <error message="[The local appium server has not been started, Reason: Timed out waiting for [http://127.0.0.1:4723/status] to be available after 20004 ms, Consider increasing the server startup timeout value (currently 20000ms), Node.js executable path: C:\Program Files\nodejs\node.exe, Arguments: [C:\Users\Shweta\AppData\Roaming\npm\node_modules\appium\build\lib\main.js, --port, 4723, --address, 0.0.0.0, --log, C:\Users\Shweta\Thought-Frameworks\Intelehealth-Mobile-Automation - StartVisit\AppiumLog.txt, --local-timezone]]" type="io.appium.java_client.service.local.AppiumServerHasNotBeenStartedLocallyException">
      <![CDATA[io.appium.java_client.service.local.AppiumServerHasNotBeenStartedLocallyException: [The local appium server has not been started, Reason: Timed out waiting for [http://127.0.0.1:4723/status] to be available after 20004 ms, Consider increasing the server startup timeout value (currently 20000ms), Node.js executable path: C:\Program Files\nodejs\node.exe, Arguments: [C:\Users\Shweta\AppData\Roaming\npm\node_modules\appium\build\lib\main.js, --port, 4723, --address, 0.0.0.0, --log, C:\Users\Shweta\Thought-Frameworks\Intelehealth-Mobile-Automation - StartVisit\AppiumLog.txt, --local-timezone]]
at io.appium.java_client.service.local.AppiumDriverLocalService.start(AppiumDriverLocalService.java:203)
at com.intelehealth.base.BaseTest.beforeSuite(BaseTest.java:180)
at java.base/jdk.internal.reflect.NativeMethodAccessorImpl.invoke0(Native Method)
at java.base/jdk.internal.reflect.NativeMethodAccessorImpl.invoke(NativeMethodAccessorImpl.java:77)
at java.base/jdk.internal.reflect.DelegatingMethodAccessorImpl.invoke(DelegatingMethodAccessorImpl.java:43)
at java.base/java.lang.reflect.Method.invoke(Method.java:568)
at org.testng.internal.invokers.MethodInvocationHelper.invokeMethod(MethodInvocationHelper.java:139)
at org.testng.internal.invokers.MethodInvocationHelper.invokeMethodConsideringTimeout(MethodInvocationHelper.java:69)
at org.testng.internal.invokers.ConfigInvoker.invokeConfigurationMethod(ConfigInvoker.java:390)
at org.testng.internal.invokers.ConfigInvoker.invokeConfigurations(ConfigInvoker.java:325)
at org.testng.SuiteRunner.privateRun(SuiteRunner.java:382)
at org.testng.SuiteRunner.run(SuiteRunner.java:336)
at org.testng.SuiteRunnerWorker.runSuite(SuiteRunnerWorker.java:52)
at org.testng.SuiteRunnerWorker.run(SuiteRunnerWorker.java:95)
at org.testng.TestNG.runSuitesSequentially(TestNG.java:1280)
at org.testng.TestNG.runSuitesLocally(TestNG.java:1200)
at org.testng.TestNG.runSuites(TestNG.java:1114)
at org.testng.TestNG.run(TestNG.java:1082)
at org.testng.remote.AbstractRemoteTestNG.run(AbstractRemoteTestNG.java:115)
at org.testng.remote.RemoteTestNG.initAndRun(RemoteTestNG.java:251)
at org.testng.remote.RemoteTestNG.main(RemoteTestNG.java:77)
Caused by: org.openqa.selenium.net.UrlChecker$TimeoutException: Timed out waiting for [http://127.0.0.1:4723/status] to be available after 20004 ms
at org.openqa.selenium.net.UrlChecker.waitUntilAvailable(UrlChecker.java:94)
at io.appium.java_client.service.local.AppiumDriverLocalService.ping(AppiumDriverLocalService.java:157)
at io.appium.java_client.service.local.AppiumDriverLocalService.start(AppiumDriverLocalService.java:182)
... 20 more
Caused by: java.util.concurrent.TimeoutException
at java.base/java.util.concurrent.FutureTask.get(FutureTask.java:204)
at org.openqa.selenium.net.UrlChecker.waitUntilAvailable(UrlChecker.java:91)
... 22 more
]]>
    </error>
  </testcase> <!-- beforeSuite -->
  <testcase classname="com.intelehealth.tests.PrescriptionsTest" name="IDA4_2101_verifyThatUserCanShareThePrescriptionToPatient" time="0.001">
    <skipped/>
  </testcase> <!-- IDA4_2101_verifyThatUserCanShareThePrescriptionToPatient -->
  <testcase classname="com.intelehealth.tests.PrescriptionsTest" name="IDA4_2102_verifyUserCanShareThroughWhatsapp" time="0.001">
    <skipped/>
  </testcase> <!-- IDA4_2102_verifyUserCanShareThroughWhatsapp -->
  <testcase classname="com.intelehealth.tests.PrescriptionsTest" name="IDA4_2089_verifyThatUserCanCallPatient">
    <skipped/>
  </testcase> <!-- IDA4_2089_verifyThatUserCanCallPatient -->
  <testcase classname="com.intelehealth.tests.PrescriptionsTest" name="IDA4_2094_verifythatUserCanNavigateToPrescriptionPage">
    <skipped/>
  </testcase> <!-- IDA4_2094_verifythatUserCanNavigateToPrescriptionPage -->
  <testcase classname="com.intelehealth.tests.PrescriptionsTest" name="IDA4_2085_verifyTheCountOfPatientsAwaitingPrescriptionsAreCorrect">
    <skipped/>
  </testcase> <!-- IDA4_2085_verifyTheCountOfPatientsAwaitingPrescriptionsAreCorrect -->
  <testcase classname="com.intelehealth.tests.PrescriptionsTest" name="IDA4_2110_verifyThatRecentVisitsDisplayInList">
    <skipped/>
  </testcase> <!-- IDA4_2110_verifyThatRecentVisitsDisplayInList -->
  <testcase classname="com.intelehealth.tests.PrescriptionsTest" name="IDA4_2113_verifyThatUserCanEndPendingVisit">
    <skipped/>
  </testcase> <!-- IDA4_2113_verifyThatUserCanEndPendingVisit -->
  <testcase classname="com.intelehealth.tests.PrescriptionsTest" name="IDA4_2079_verifyShareFunctionalityWhenClickedOnAnyRecentPatientVisit">
    <skipped/>
  </testcase> <!-- IDA4_2079_verifyShareFunctionalityWhenClickedOnAnyRecentPatientVisit -->
  <testcase classname="com.intelehealth.tests.PrescriptionsTest" name="IDA4_2090_verifyThatUserCanSendWhatsappMessageToThePatient">
    <skipped/>
  </testcase> <!-- IDA4_2090_verifyThatUserCanSendWhatsappMessageToThePatient -->
  <testcase classname="com.intelehealth.tests.PrescriptionsTest" name="IDA4_2100_verifyUserCanPrintThePrescription">
    <skipped/>
  </testcase> <!-- IDA4_2100_verifyUserCanPrintThePrescription -->
  <testcase classname="com.intelehealth.tests.PrescriptionsTest" name="IDA4_2080_verifyIfThePrescriptionIsSharedOnEnteringAValidNumber">
    <skipped/>
  </testcase> <!-- IDA4_2080_verifyIfThePrescriptionIsSharedOnEnteringAValidNumber -->
  <testcase classname="com.intelehealth.tests.PrescriptionsTest" name="IDA4_2107_verifyUserWillGetTheFollowUpAlertPopUpWhenEndTheVisit">
    <skipped/>
  </testcase> <!-- IDA4_2107_verifyUserWillGetTheFollowUpAlertPopUpWhenEndTheVisit -->
  <testcase classname="com.intelehealth.tests.PrescriptionsTest" name="IDA4_2092_verifyUserIsAbleToViewVisitSummaryPage">
    <skipped/>
  </testcase> <!-- IDA4_2092_verifyUserIsAbleToViewVisitSummaryPage -->
  <testcase classname="com.intelehealth.tests.PrescriptionsTest" name="IDA4_2105_verifyThatUserCanEndVisit">
    <skipped/>
  </testcase> <!-- IDA4_2105_verifyThatUserCanEndVisit -->
  <testcase classname="com.intelehealth.tests.PrescriptionsTest" name="IDA4_2104_verifyHomeNavigatesToHomePage">
    <skipped/>
  </testcase> <!-- IDA4_2104_verifyHomeNavigatesToHomePage -->
  <testcase classname="com.intelehealth.tests.PrescriptionsTest" name="IDA4_2078_verifyReceivedPrescriptionsPatientsListedInRecentVisit">
    <skipped/>
  </testcase> <!-- IDA4_2078_verifyReceivedPrescriptionsPatientsListedInRecentVisit -->
  <testcase classname="com.intelehealth.tests.PrescriptionsTest" name="IDA4_2106_verifyUserCanEndVisit">
    <skipped/>
  </testcase> <!-- IDA4_2106_verifyUserCanEndVisit -->
  <testcase classname="com.intelehealth.tests.PrescriptionsTest" name="IDA4_2109_verifyTheAwaitingPrescriptionNotificationIsDisplayedAlongWithTheCount">
    <skipped/>
  </testcase> <!-- IDA4_2109_verifyTheAwaitingPrescriptionNotificationIsDisplayedAlongWithTheCount -->
  <testcase classname="com.intelehealth.tests.PrescriptionsTest" name="IDA4_2086_verifyThatUserIsAbleToNavigateToVisitDetailsPageByClickingOnAnyRecentVisit">
    <skipped/>
  </testcase> <!-- IDA4_2086_verifyThatUserIsAbleToNavigateToVisitDetailsPageByClickingOnAnyRecentVisit -->
  <testcase classname="com.intelehealth.tests.PrescriptionsTest" name="IDA4_2099_verifyThatUserIsAbleToDownloadThePrescription">
    <skipped/>
  </testcase> <!-- IDA4_2099_verifyThatUserIsAbleToDownloadThePrescription -->
</testsuite> <!-- com.intelehealth.tests.PrescriptionsTest -->
